{"/home/familia/Área de trabalho/sisrepo/knexfile.js": {"path":"/home/familia/Área de trabalho/sisrepo/knexfile.js","statementMap":{"0":{"start":{"line":2,"column":0},"end":{"line":2,"column":45}},"1":{"start":{"line":7,"column":0},"end":{"line":62,"column":2}}},"fnMap":{},"branchMap":{"0":{"loc":{"start":{"line":13,"column":12},"end":{"line":13,"column":46}},"type":"binary-expr","locations":[{"start":{"line":13,"column":12},"end":{"line":13,"column":31}},{"start":{"line":13,"column":35},"end":{"line":13,"column":46}}],"line":13},"1":{"loc":{"start":{"line":14,"column":12},"end":{"line":14,"column":39}},"type":"binary-expr","locations":[{"start":{"line":14,"column":12},"end":{"line":14,"column":31}},{"start":{"line":14,"column":35},"end":{"line":14,"column":39}}],"line":14}},"s":{"0":1,"1":1},"f":{},"b":{"0":[1,1],"1":[1,1]},"_coverageSchema":"1a1c01bbd47fc00a2c39e90264f33305004495a9","hash":"4702a91b3852753d0e8f770beccd3df71a3c3141"}
,"/home/familia/Área de trabalho/sisrepo/src/knex.js": {"path":"/home/familia/Área de trabalho/sisrepo/src/knex.js","statementMap":{"0":{"start":{"line":1,"column":13},"end":{"line":1,"column":28}},"1":{"start":{"line":2,"column":19},"end":{"line":2,"column":41}},"2":{"start":{"line":3,"column":19},"end":{"line":3,"column":56}},"3":{"start":{"line":5,"column":19},"end":{"line":5,"column":47}},"4":{"start":{"line":7,"column":0},"end":{"line":7,"column":28}}},"fnMap":{},"branchMap":{"0":{"loc":{"start":{"line":3,"column":19},"end":{"line":3,"column":56}},"type":"binary-expr","locations":[{"start":{"line":3,"column":19},"end":{"line":3,"column":39}},{"start":{"line":3,"column":43},"end":{"line":3,"column":56}}],"line":3}},"s":{"0":1,"1":1,"2":1,"3":1,"4":1},"f":{},"b":{"0":[1,0]},"_coverageSchema":"1a1c01bbd47fc00a2c39e90264f33305004495a9","hash":"8a4dd4fd86998180330190ee5f15cc66aec2943b"}
,"/home/familia/Área de trabalho/sisrepo/src/controllers/studentsController.js": {"path":"/home/familia/Área de trabalho/sisrepo/src/controllers/studentsController.js","statementMap":{"0":{"start":{"line":1,"column":24},"end":{"line":1,"column":62}},"1":{"start":{"line":4,"column":4},"end":{"line":12,"column":5}},"2":{"start":{"line":5,"column":28},"end":{"line":5,"column":59}},"3":{"start":{"line":7,"column":8},"end":{"line":7,"column":42}},"4":{"start":{"line":10,"column":8},"end":{"line":10,"column":29}},"5":{"start":{"line":11,"column":8},"end":{"line":11,"column":116}},"6":{"start":{"line":16,"column":4},"end":{"line":34,"column":5}},"7":{"start":{"line":17,"column":31},"end":{"line":17,"column":41}},"8":{"start":{"line":19,"column":8},"end":{"line":21,"column":9}},"9":{"start":{"line":20,"column":12},"end":{"line":20,"column":80}},"10":{"start":{"line":23,"column":27},"end":{"line":23,"column":69}},"11":{"start":{"line":25,"column":8},"end":{"line":27,"column":9}},"12":{"start":{"line":26,"column":12},"end":{"line":26,"column":94}},"13":{"start":{"line":29,"column":8},"end":{"line":29,"column":48}},"14":{"start":{"line":32,"column":8},"end":{"line":32,"column":29}},"15":{"start":{"line":33,"column":8},"end":{"line":33,"column":109}},"16":{"start":{"line":38,"column":4},"end":{"line":58,"column":5}},"17":{"start":{"line":39,"column":24},"end":{"line":39,"column":40}},"18":{"start":{"line":41,"column":55},"end":{"line":41,"column":63}},"19":{"start":{"line":43,"column":26},"end":{"line":43,"column":44}},"20":{"start":{"line":45,"column":28},"end":{"line":49,"column":30}},"21":{"start":{"line":51,"column":27},"end":{"line":51,"column":77}},"22":{"start":{"line":53,"column":8},"end":{"line":53,"column":49}},"23":{"start":{"line":56,"column":8},"end":{"line":56,"column":29}},"24":{"start":{"line":57,"column":8},"end":{"line":57,"column":89}},"25":{"start":{"line":62,"column":4},"end":{"line":88,"column":5}},"26":{"start":{"line":63,"column":25},"end":{"line":63,"column":41}},"27":{"start":{"line":64,"column":29},"end":{"line":64,"column":39}},"28":{"start":{"line":66,"column":8},"end":{"line":68,"column":9}},"29":{"start":{"line":67,"column":12},"end":{"line":67,"column":84}},"30":{"start":{"line":70,"column":28},"end":{"line":70,"column":32}},"31":{"start":{"line":72,"column":31},"end":{"line":72,"column":39}},"32":{"start":{"line":74,"column":8},"end":{"line":76,"column":9}},"33":{"start":{"line":75,"column":12},"end":{"line":75,"column":93}},"34":{"start":{"line":78,"column":8},"end":{"line":78,"column":44}},"35":{"start":{"line":78,"column":18},"end":{"line":78,"column":44}},"36":{"start":{"line":79,"column":8},"end":{"line":79,"column":38}},"37":{"start":{"line":79,"column":16},"end":{"line":79,"column":38}},"38":{"start":{"line":81,"column":31},"end":{"line":81,"column":93}},"39":{"start":{"line":83,"column":8},"end":{"line":83,"column":52}},"40":{"start":{"line":86,"column":8},"end":{"line":86,"column":29}},"41":{"start":{"line":87,"column":8},"end":{"line":87,"column":102}},"42":{"start":{"line":92,"column":4},"end":{"line":102,"column":5}},"43":{"start":{"line":93,"column":29},"end":{"line":93,"column":39}},"44":{"start":{"line":95,"column":27},"end":{"line":95,"column":67}},"45":{"start":{"line":97,"column":8},"end":{"line":97,"column":48}},"46":{"start":{"line":100,"column":8},"end":{"line":100,"column":29}},"47":{"start":{"line":101,"column":8},"end":{"line":101,"column":77}},"48":{"start":{"line":105,"column":0},"end":{"line":111,"column":1}}},"fnMap":{"0":{"name":"getAll","decl":{"start":{"line":3,"column":15},"end":{"line":3,"column":21}},"loc":{"start":{"line":3,"column":32},"end":{"line":13,"column":1}},"line":3},"1":{"name":"getId","decl":{"start":{"line":15,"column":15},"end":{"line":15,"column":20}},"loc":{"start":{"line":15,"column":31},"end":{"line":35,"column":1}},"line":15},"2":{"name":"postStudent","decl":{"start":{"line":37,"column":15},"end":{"line":37,"column":26}},"loc":{"start":{"line":37,"column":37},"end":{"line":59,"column":1}},"line":37},"3":{"name":"putStudent","decl":{"start":{"line":61,"column":15},"end":{"line":61,"column":25}},"loc":{"start":{"line":61,"column":36},"end":{"line":89,"column":1}},"line":61},"4":{"name":"deleteStudent","decl":{"start":{"line":91,"column":15},"end":{"line":91,"column":28}},"loc":{"start":{"line":91,"column":39},"end":{"line":103,"column":1}},"line":91}},"branchMap":{"0":{"loc":{"start":{"line":19,"column":8},"end":{"line":21,"column":9}},"type":"if","locations":[{"start":{"line":19,"column":8},"end":{"line":21,"column":9}},{"start":{},"end":{}}],"line":19},"1":{"loc":{"start":{"line":25,"column":8},"end":{"line":27,"column":9}},"type":"if","locations":[{"start":{"line":25,"column":8},"end":{"line":27,"column":9}},{"start":{},"end":{}}],"line":25},"2":{"loc":{"start":{"line":66,"column":8},"end":{"line":68,"column":9}},"type":"if","locations":[{"start":{"line":66,"column":8},"end":{"line":68,"column":9}},{"start":{},"end":{}}],"line":66},"3":{"loc":{"start":{"line":74,"column":8},"end":{"line":76,"column":9}},"type":"if","locations":[{"start":{"line":74,"column":8},"end":{"line":76,"column":9}},{"start":{},"end":{}}],"line":74},"4":{"loc":{"start":{"line":78,"column":8},"end":{"line":78,"column":44}},"type":"if","locations":[{"start":{"line":78,"column":8},"end":{"line":78,"column":44}},{"start":{},"end":{}}],"line":78},"5":{"loc":{"start":{"line":79,"column":8},"end":{"line":79,"column":38}},"type":"if","locations":[{"start":{"line":79,"column":8},"end":{"line":79,"column":38}},{"start":{},"end":{}}],"line":79}},"s":{"0":1,"1":2,"2":2,"3":1,"4":1,"5":1,"6":4,"7":4,"8":4,"9":1,"10":3,"11":2,"12":1,"13":1,"14":1,"15":1,"16":3,"17":3,"18":3,"19":3,"20":3,"21":3,"22":2,"23":1,"24":1,"25":6,"26":6,"27":6,"28":6,"29":1,"30":5,"31":5,"32":5,"33":1,"34":4,"35":3,"36":4,"37":2,"38":4,"39":3,"40":1,"41":1,"42":2,"43":2,"44":2,"45":1,"46":1,"47":1,"48":1},"f":{"0":2,"1":4,"2":3,"3":6,"4":2},"b":{"0":[1,3],"1":[1,1],"2":[1,5],"3":[1,4],"4":[3,1],"5":[2,2]},"_coverageSchema":"1a1c01bbd47fc00a2c39e90264f33305004495a9","hash":"412602f1fd0165f3a92bc0a9f826ff0fda76720b"}
,"/home/familia/Área de trabalho/sisrepo/src/controllers/userController.js": {"path":"/home/familia/Área de trabalho/sisrepo/src/controllers/userController.js","statementMap":{"0":{"start":{"line":1,"column":20},"end":{"line":1,"column":54}},"1":{"start":{"line":2,"column":12},"end":{"line":2,"column":35}},"2":{"start":{"line":3,"column":21},"end":{"line":3,"column":45}},"3":{"start":{"line":5,"column":19},"end":{"line":5,"column":41}},"4":{"start":{"line":8,"column":4},"end":{"line":34,"column":5}},"5":{"start":{"line":9,"column":36},"end":{"line":9,"column":44}},"6":{"start":{"line":11,"column":8},"end":{"line":13,"column":9}},"7":{"start":{"line":12,"column":12},"end":{"line":12,"column":89}},"8":{"start":{"line":15,"column":21},"end":{"line":15,"column":68}},"9":{"start":{"line":16,"column":8},"end":{"line":16,"column":50}},"10":{"start":{"line":20,"column":22},"end":{"line":24,"column":9}},"11":{"start":{"line":26,"column":8},"end":{"line":26,"column":53}},"12":{"start":{"line":29,"column":8},"end":{"line":31,"column":9}},"13":{"start":{"line":30,"column":12},"end":{"line":30,"column":68}},"14":{"start":{"line":33,"column":8},"end":{"line":33,"column":87}},"15":{"start":{"line":38,"column":4},"end":{"line":52,"column":5}},"16":{"start":{"line":39,"column":28},"end":{"line":39,"column":38}},"17":{"start":{"line":41,"column":21},"end":{"line":41,"column":56}},"18":{"start":{"line":43,"column":8},"end":{"line":45,"column":9}},"19":{"start":{"line":44,"column":12},"end":{"line":44,"column":85}},"20":{"start":{"line":47,"column":8},"end":{"line":47,"column":42}},"21":{"start":{"line":50,"column":8},"end":{"line":50,"column":29}},"22":{"start":{"line":51,"column":8},"end":{"line":51,"column":85}},"23":{"start":{"line":56,"column":4},"end":{"line":65,"column":5}},"24":{"start":{"line":58,"column":24},"end":{"line":58,"column":51}},"25":{"start":{"line":60,"column":8},"end":{"line":60,"column":45}},"26":{"start":{"line":63,"column":8},"end":{"line":63,"column":29}},"27":{"start":{"line":64,"column":8},"end":{"line":64,"column":90}},"28":{"start":{"line":69,"column":4},"end":{"line":81,"column":5}},"29":{"start":{"line":70,"column":52},"end":{"line":70,"column":60}},"30":{"start":{"line":72,"column":26},"end":{"line":72,"column":61}},"31":{"start":{"line":74,"column":24},"end":{"line":74,"column":58}},"32":{"start":{"line":76,"column":8},"end":{"line":76,"column":45}},"33":{"start":{"line":79,"column":8},"end":{"line":79,"column":29}},"34":{"start":{"line":80,"column":8},"end":{"line":80,"column":85}},"35":{"start":{"line":86,"column":4},"end":{"line":113,"column":5}},"36":{"start":{"line":88,"column":24},"end":{"line":88,"column":34}},"37":{"start":{"line":89,"column":48},"end":{"line":89,"column":56}},"38":{"start":{"line":91,"column":4},"end":{"line":93,"column":5}},"39":{"start":{"line":92,"column":8},"end":{"line":92,"column":80}},"40":{"start":{"line":95,"column":21},"end":{"line":95,"column":23}},"41":{"start":{"line":97,"column":4},"end":{"line":97,"column":34}},"42":{"start":{"line":97,"column":13},"end":{"line":97,"column":34}},"43":{"start":{"line":98,"column":4},"end":{"line":98,"column":37}},"44":{"start":{"line":98,"column":14},"end":{"line":98,"column":37}},"45":{"start":{"line":99,"column":4},"end":{"line":99,"column":46}},"46":{"start":{"line":99,"column":17},"end":{"line":99,"column":46}},"47":{"start":{"line":100,"column":4},"end":{"line":100,"column":46}},"48":{"start":{"line":100,"column":17},"end":{"line":100,"column":46}},"49":{"start":{"line":102,"column":4},"end":{"line":104,"column":5}},"50":{"start":{"line":103,"column":8},"end":{"line":103,"column":125}},"51":{"start":{"line":106,"column":20},"end":{"line":106,"column":63}},"52":{"start":{"line":108,"column":8},"end":{"line":108,"column":44}},"53":{"start":{"line":111,"column":8},"end":{"line":111,"column":29}},"54":{"start":{"line":112,"column":8},"end":{"line":112,"column":89}},"55":{"start":{"line":117,"column":0},"end":{"line":123,"column":2}}},"fnMap":{"0":{"name":"loginUser","decl":{"start":{"line":7,"column":15},"end":{"line":7,"column":24}},"loc":{"start":{"line":7,"column":35},"end":{"line":35,"column":1}},"line":7},"1":{"name":"getId","decl":{"start":{"line":37,"column":15},"end":{"line":37,"column":20}},"loc":{"start":{"line":37,"column":31},"end":{"line":53,"column":1}},"line":37},"2":{"name":"getAll","decl":{"start":{"line":55,"column":15},"end":{"line":55,"column":21}},"loc":{"start":{"line":55,"column":32},"end":{"line":66,"column":1}},"line":55},"3":{"name":"postUser","decl":{"start":{"line":68,"column":15},"end":{"line":68,"column":23}},"loc":{"start":{"line":68,"column":34},"end":{"line":82,"column":1}},"line":68},"4":{"name":"putUser","decl":{"start":{"line":84,"column":15},"end":{"line":84,"column":22}},"loc":{"start":{"line":84,"column":33},"end":{"line":115,"column":1}},"line":84}},"branchMap":{"0":{"loc":{"start":{"line":11,"column":8},"end":{"line":13,"column":9}},"type":"if","locations":[{"start":{"line":11,"column":8},"end":{"line":13,"column":9}},{"start":{},"end":{}}],"line":11},"1":{"loc":{"start":{"line":11,"column":11},"end":{"line":11,"column":30}},"type":"binary-expr","locations":[{"start":{"line":11,"column":11},"end":{"line":11,"column":17}},{"start":{"line":11,"column":21},"end":{"line":11,"column":30}}],"line":11},"2":{"loc":{"start":{"line":29,"column":8},"end":{"line":31,"column":9}},"type":"if","locations":[{"start":{"line":29,"column":8},"end":{"line":31,"column":9}},{"start":{},"end":{}}],"line":29},"3":{"loc":{"start":{"line":43,"column":8},"end":{"line":45,"column":9}},"type":"if","locations":[{"start":{"line":43,"column":8},"end":{"line":45,"column":9}},{"start":{},"end":{}}],"line":43},"4":{"loc":{"start":{"line":91,"column":4},"end":{"line":93,"column":5}},"type":"if","locations":[{"start":{"line":91,"column":4},"end":{"line":93,"column":5}},{"start":{},"end":{}}],"line":91},"5":{"loc":{"start":{"line":97,"column":4},"end":{"line":97,"column":34}},"type":"if","locations":[{"start":{"line":97,"column":4},"end":{"line":97,"column":34}},{"start":{},"end":{}}],"line":97},"6":{"loc":{"start":{"line":98,"column":4},"end":{"line":98,"column":37}},"type":"if","locations":[{"start":{"line":98,"column":4},"end":{"line":98,"column":37}},{"start":{},"end":{}}],"line":98},"7":{"loc":{"start":{"line":99,"column":4},"end":{"line":99,"column":46}},"type":"if","locations":[{"start":{"line":99,"column":4},"end":{"line":99,"column":46}},{"start":{},"end":{}}],"line":99},"8":{"loc":{"start":{"line":100,"column":4},"end":{"line":100,"column":46}},"type":"if","locations":[{"start":{"line":100,"column":4},"end":{"line":100,"column":46}},{"start":{},"end":{}}],"line":100},"9":{"loc":{"start":{"line":102,"column":4},"end":{"line":104,"column":5}},"type":"if","locations":[{"start":{"line":102,"column":4},"end":{"line":104,"column":5}},{"start":{},"end":{}}],"line":102}},"s":{"0":1,"1":1,"2":1,"3":1,"4":4,"5":4,"6":4,"7":1,"8":3,"9":1,"10":1,"11":1,"12":2,"13":1,"14":1,"15":0,"16":0,"17":0,"18":0,"19":0,"20":0,"21":0,"22":0,"23":0,"24":0,"25":0,"26":0,"27":0,"28":0,"29":0,"30":0,"31":0,"32":0,"33":0,"34":0,"35":0,"36":0,"37":0,"38":0,"39":0,"40":0,"41":0,"42":0,"43":0,"44":0,"45":0,"46":0,"47":0,"48":0,"49":0,"50":0,"51":0,"52":0,"53":0,"54":0,"55":1},"f":{"0":4,"1":0,"2":0,"3":0,"4":0},"b":{"0":[1,3],"1":[4,3],"2":[1,1],"3":[0,0],"4":[0,0],"5":[0,0],"6":[0,0],"7":[0,0],"8":[0,0],"9":[0,0]},"_coverageSchema":"1a1c01bbd47fc00a2c39e90264f33305004495a9","hash":"5984403f171d102e7350a346a40438132d3d94a0"}
,"/home/familia/Área de trabalho/sisrepo/src/models/StudentsModel.js": {"path":"/home/familia/Área de trabalho/sisrepo/src/models/StudentsModel.js","statementMap":{"0":{"start":{"line":1,"column":13},"end":{"line":1,"column":31}},"1":{"start":{"line":2,"column":19},"end":{"line":2,"column":29}},"2":{"start":{"line":6,"column":8},"end":{"line":8,"column":17}},"3":{"start":{"line":12,"column":8},"end":{"line":13,"column":91}},"4":{"start":{"line":18,"column":29},"end":{"line":20,"column":93}},"5":{"start":{"line":21,"column":8},"end":{"line":21,"column":26}},"6":{"start":{"line":25,"column":32},"end":{"line":28,"column":93}},"7":{"start":{"line":29,"column":8},"end":{"line":29,"column":29}},"8":{"start":{"line":33,"column":8},"end":{"line":35,"column":15}},"9":{"start":{"line":39,"column":8},"end":{"line":41,"column":17}},"10":{"start":{"line":45,"column":8},"end":{"line":47,"column":17}},"11":{"start":{"line":51,"column":8},"end":{"line":53,"column":17}},"12":{"start":{"line":57,"column":0},"end":{"line":57,"column":31}}},"fnMap":{"0":{"name":"(anonymous_0)","decl":{"start":{"line":5,"column":4},"end":{"line":5,"column":5}},"loc":{"start":{"line":5,"column":38},"end":{"line":9,"column":5}},"line":5},"1":{"name":"(anonymous_1)","decl":{"start":{"line":11,"column":4},"end":{"line":11,"column":5}},"loc":{"start":{"line":11,"column":27},"end":{"line":14,"column":5}},"line":11},"2":{"name":"(anonymous_2)","decl":{"start":{"line":16,"column":4},"end":{"line":16,"column":5}},"loc":{"start":{"line":16,"column":46},"end":{"line":22,"column":5}},"line":16},"3":{"name":"(anonymous_3)","decl":{"start":{"line":24,"column":4},"end":{"line":24,"column":5}},"loc":{"start":{"line":24,"column":58},"end":{"line":30,"column":5}},"line":24},"4":{"name":"(anonymous_4)","decl":{"start":{"line":32,"column":4},"end":{"line":32,"column":5}},"loc":{"start":{"line":32,"column":36},"end":{"line":36,"column":5}},"line":32},"5":{"name":"(anonymous_5)","decl":{"start":{"line":38,"column":4},"end":{"line":38,"column":5}},"loc":{"start":{"line":38,"column":36},"end":{"line":42,"column":5}},"line":38},"6":{"name":"(anonymous_6)","decl":{"start":{"line":44,"column":4},"end":{"line":44,"column":5}},"loc":{"start":{"line":44,"column":32},"end":{"line":48,"column":5}},"line":44},"7":{"name":"(anonymous_7)","decl":{"start":{"line":50,"column":4},"end":{"line":50,"column":5}},"loc":{"start":{"line":50,"column":61},"end":{"line":54,"column":5}},"line":50}},"branchMap":{},"s":{"0":1,"1":1,"2":0,"3":0,"4":0,"5":0,"6":0,"7":0,"8":0,"9":0,"10":0,"11":0,"12":1},"f":{"0":0,"1":0,"2":0,"3":0,"4":0,"5":0,"6":0,"7":0},"b":{},"_coverageSchema":"1a1c01bbd47fc00a2c39e90264f33305004495a9","hash":"522ffe99e03ddb0eac49c447ad2d023fedadc620"}
,"/home/familia/Área de trabalho/sisrepo/src/repositories/StudentsRepository.js": {"path":"/home/familia/Área de trabalho/sisrepo/src/repositories/StudentsRepository.js","statementMap":{"0":{"start":{"line":1,"column":22},"end":{"line":1,"column":56}},"1":{"start":{"line":5,"column":8},"end":{"line":5,"column":50}},"2":{"start":{"line":9,"column":8},"end":{"line":9,"column":39}},"3":{"start":{"line":13,"column":8},"end":{"line":13,"column":58}},"4":{"start":{"line":17,"column":8},"end":{"line":17,"column":70}},"5":{"start":{"line":21,"column":8},"end":{"line":21,"column":48}},"6":{"start":{"line":25,"column":8},"end":{"line":25,"column":48}},"7":{"start":{"line":29,"column":8},"end":{"line":29,"column":44}},"8":{"start":{"line":33,"column":8},"end":{"line":33,"column":72}},"9":{"start":{"line":37,"column":0},"end":{"line":37,"column":36}}},"fnMap":{"0":{"name":"(anonymous_0)","decl":{"start":{"line":4,"column":4},"end":{"line":4,"column":5}},"loc":{"start":{"line":4,"column":38},"end":{"line":6,"column":5}},"line":4},"1":{"name":"(anonymous_1)","decl":{"start":{"line":8,"column":4},"end":{"line":8,"column":5}},"loc":{"start":{"line":8,"column":27},"end":{"line":10,"column":5}},"line":8},"2":{"name":"(anonymous_2)","decl":{"start":{"line":12,"column":4},"end":{"line":12,"column":5}},"loc":{"start":{"line":12,"column":46},"end":{"line":14,"column":5}},"line":12},"3":{"name":"(anonymous_3)","decl":{"start":{"line":16,"column":4},"end":{"line":16,"column":5}},"loc":{"start":{"line":16,"column":58},"end":{"line":18,"column":5}},"line":16},"4":{"name":"(anonymous_4)","decl":{"start":{"line":20,"column":4},"end":{"line":20,"column":5}},"loc":{"start":{"line":20,"column":36},"end":{"line":22,"column":5}},"line":20},"5":{"name":"(anonymous_5)","decl":{"start":{"line":24,"column":4},"end":{"line":24,"column":5}},"loc":{"start":{"line":24,"column":36},"end":{"line":26,"column":5}},"line":24},"6":{"name":"(anonymous_6)","decl":{"start":{"line":28,"column":4},"end":{"line":28,"column":5}},"loc":{"start":{"line":28,"column":32},"end":{"line":30,"column":5}},"line":28},"7":{"name":"(anonymous_7)","decl":{"start":{"line":32,"column":4},"end":{"line":32,"column":5}},"loc":{"start":{"line":32,"column":60},"end":{"line":34,"column":5}},"line":32}},"branchMap":{},"s":{"0":1,"1":0,"2":0,"3":0,"4":0,"5":0,"6":0,"7":0,"8":0,"9":1},"f":{"0":0,"1":0,"2":0,"3":0,"4":0,"5":0,"6":0,"7":0},"b":{},"_coverageSchema":"1a1c01bbd47fc00a2c39e90264f33305004495a9","hash":"6c1440c252c4f1f11b66781f5c59a09348672459"}
,"/home/familia/Área de trabalho/sisrepo/src/services/StudentsService.js": {"path":"/home/familia/Área de trabalho/sisrepo/src/services/StudentsService.js","statementMap":{"0":{"start":{"line":1,"column":27},"end":{"line":1,"column":72}},"1":{"start":{"line":7,"column":24},"end":{"line":7,"column":49}},"2":{"start":{"line":9,"column":8},"end":{"line":11,"column":9}},"3":{"start":{"line":10,"column":12},"end":{"line":10,"column":46}},"4":{"start":{"line":13,"column":35},"end":{"line":13,"column":56}},"5":{"start":{"line":15,"column":8},"end":{"line":17,"column":9}},"6":{"start":{"line":16,"column":12},"end":{"line":16,"column":73}},"7":{"start":{"line":19,"column":8},"end":{"line":19,"column":23}},"8":{"start":{"line":24,"column":20},"end":{"line":24,"column":35}},"9":{"start":{"line":26,"column":26},"end":{"line":26,"column":37}},"10":{"start":{"line":28,"column":8},"end":{"line":30,"column":9}},"11":{"start":{"line":29,"column":12},"end":{"line":29,"column":73}},"12":{"start":{"line":32,"column":28},"end":{"line":32,"column":47}},"13":{"start":{"line":34,"column":32},"end":{"line":34,"column":69}},"14":{"start":{"line":36,"column":8},"end":{"line":38,"column":9}},"15":{"start":{"line":37,"column":12},"end":{"line":37,"column":82}},"16":{"start":{"line":40,"column":28},"end":{"line":48,"column":9}},"17":{"start":{"line":50,"column":27},"end":{"line":50,"column":80}},"18":{"start":{"line":52,"column":8},"end":{"line":52,"column":26}},"19":{"start":{"line":58,"column":20},"end":{"line":58,"column":35}},"20":{"start":{"line":60,"column":26},"end":{"line":60,"column":37}},"21":{"start":{"line":62,"column":28},"end":{"line":62,"column":47}},"22":{"start":{"line":64,"column":29},"end":{"line":68,"column":9}},"23":{"start":{"line":70,"column":8},"end":{"line":70,"column":76}},"24":{"start":{"line":74,"column":8},"end":{"line":74,"column":53}},"25":{"start":{"line":78,"column":8},"end":{"line":78,"column":55}},"26":{"start":{"line":82,"column":8},"end":{"line":82,"column":44}},"27":{"start":{"line":86,"column":8},"end":{"line":86,"column":53}},"28":{"start":{"line":90,"column":8},"end":{"line":90,"column":49}},"29":{"start":{"line":94,"column":0},"end":{"line":94,"column":33}}},"fnMap":{"0":{"name":"(anonymous_0)","decl":{"start":{"line":5,"column":4},"end":{"line":5,"column":5}},"loc":{"start":{"line":5,"column":47},"end":{"line":20,"column":5}},"line":5},"1":{"name":"(anonymous_1)","decl":{"start":{"line":22,"column":4},"end":{"line":22,"column":5}},"loc":{"start":{"line":22,"column":46},"end":{"line":54,"column":5}},"line":22},"2":{"name":"(anonymous_2)","decl":{"start":{"line":56,"column":4},"end":{"line":56,"column":5}},"loc":{"start":{"line":56,"column":58},"end":{"line":71,"column":5}},"line":56},"3":{"name":"(anonymous_3)","decl":{"start":{"line":73,"column":4},"end":{"line":73,"column":5}},"loc":{"start":{"line":73,"column":36},"end":{"line":75,"column":5}},"line":73},"4":{"name":"(anonymous_4)","decl":{"start":{"line":77,"column":4},"end":{"line":77,"column":5}},"loc":{"start":{"line":77,"column":38},"end":{"line":79,"column":5}},"line":77},"5":{"name":"(anonymous_5)","decl":{"start":{"line":81,"column":4},"end":{"line":81,"column":5}},"loc":{"start":{"line":81,"column":27},"end":{"line":83,"column":5}},"line":81},"6":{"name":"(anonymous_6)","decl":{"start":{"line":85,"column":4},"end":{"line":85,"column":5}},"loc":{"start":{"line":85,"column":36},"end":{"line":87,"column":5}},"line":85},"7":{"name":"(anonymous_7)","decl":{"start":{"line":89,"column":4},"end":{"line":89,"column":5}},"loc":{"start":{"line":89,"column":32},"end":{"line":91,"column":5}},"line":89}},"branchMap":{"0":{"loc":{"start":{"line":9,"column":8},"end":{"line":11,"column":9}},"type":"if","locations":[{"start":{"line":9,"column":8},"end":{"line":11,"column":9}},{"start":{},"end":{}}],"line":9},"1":{"loc":{"start":{"line":15,"column":8},"end":{"line":17,"column":9}},"type":"if","locations":[{"start":{"line":15,"column":8},"end":{"line":17,"column":9}},{"start":{},"end":{}}],"line":15},"2":{"loc":{"start":{"line":28,"column":8},"end":{"line":30,"column":9}},"type":"if","locations":[{"start":{"line":28,"column":8},"end":{"line":30,"column":9}},{"start":{},"end":{}}],"line":28},"3":{"loc":{"start":{"line":28,"column":11},"end":{"line":28,"column":42}},"type":"binary-expr","locations":[{"start":{"line":28,"column":11},"end":{"line":28,"column":15}},{"start":{"line":28,"column":19},"end":{"line":28,"column":42}}],"line":28},"4":{"loc":{"start":{"line":36,"column":8},"end":{"line":38,"column":9}},"type":"if","locations":[{"start":{"line":36,"column":8},"end":{"line":38,"column":9}},{"start":{},"end":{}}],"line":36}},"s":{"0":1,"1":0,"2":0,"3":0,"4":0,"5":0,"6":0,"7":0,"8":0,"9":0,"10":0,"11":0,"12":0,"13":0,"14":0,"15":0,"16":0,"17":0,"18":0,"19":0,"20":0,"21":0,"22":0,"23":0,"24":0,"25":0,"26":0,"27":0,"28":0,"29":1},"f":{"0":0,"1":0,"2":0,"3":0,"4":0,"5":0,"6":0,"7":0},"b":{"0":[0,0],"1":[0,0],"2":[0,0],"3":[0,0],"4":[0,0]},"_coverageSchema":"1a1c01bbd47fc00a2c39e90264f33305004495a9","hash":"7027dab14c103fd19ede2b09a4c6c9196e81fe23"}
}
