{"/home/familia/Área de trabalho/sisrepo/knexfile.js": {"path":"/home/familia/Área de trabalho/sisrepo/knexfile.js","statementMap":{"0":{"start":{"line":2,"column":0},"end":{"line":2,"column":45}},"1":{"start":{"line":7,"column":0},"end":{"line":62,"column":2}}},"fnMap":{},"branchMap":{"0":{"loc":{"start":{"line":13,"column":12},"end":{"line":13,"column":46}},"type":"binary-expr","locations":[{"start":{"line":13,"column":12},"end":{"line":13,"column":31}},{"start":{"line":13,"column":35},"end":{"line":13,"column":46}}],"line":13},"1":{"loc":{"start":{"line":14,"column":12},"end":{"line":14,"column":39}},"type":"binary-expr","locations":[{"start":{"line":14,"column":12},"end":{"line":14,"column":31}},{"start":{"line":14,"column":35},"end":{"line":14,"column":39}}],"line":14}},"s":{"0":1,"1":1},"f":{},"b":{"0":[1,1],"1":[1,1]},"_coverageSchema":"1a1c01bbd47fc00a2c39e90264f33305004495a9","hash":"4702a91b3852753d0e8f770beccd3df71a3c3141"}
,"/home/familia/Área de trabalho/sisrepo/src/knex.js": {"path":"/home/familia/Área de trabalho/sisrepo/src/knex.js","statementMap":{"0":{"start":{"line":1,"column":13},"end":{"line":1,"column":28}},"1":{"start":{"line":2,"column":19},"end":{"line":2,"column":41}},"2":{"start":{"line":3,"column":19},"end":{"line":3,"column":56}},"3":{"start":{"line":5,"column":19},"end":{"line":5,"column":47}},"4":{"start":{"line":7,"column":0},"end":{"line":7,"column":28}}},"fnMap":{},"branchMap":{"0":{"loc":{"start":{"line":3,"column":19},"end":{"line":3,"column":56}},"type":"binary-expr","locations":[{"start":{"line":3,"column":19},"end":{"line":3,"column":39}},{"start":{"line":3,"column":43},"end":{"line":3,"column":56}}],"line":3}},"s":{"0":1,"1":1,"2":1,"3":1,"4":1},"f":{},"b":{"0":[1,0]},"_coverageSchema":"1a1c01bbd47fc00a2c39e90264f33305004495a9","hash":"8a4dd4fd86998180330190ee5f15cc66aec2943b"}
,"/home/familia/Área de trabalho/sisrepo/src/controllers/replacementsController.js": {"path":"/home/familia/Área de trabalho/sisrepo/src/controllers/replacementsController.js","statementMap":{"0":{"start":{"line":1,"column":28},"end":{"line":1,"column":70}},"1":{"start":{"line":4,"column":4},"end":{"line":17,"column":5}},"2":{"start":{"line":6,"column":32},"end":{"line":6,"column":67}},"3":{"start":{"line":8,"column":8},"end":{"line":10,"column":9}},"4":{"start":{"line":9,"column":12},"end":{"line":9,"column":102}},"5":{"start":{"line":12,"column":8},"end":{"line":12,"column":53}},"6":{"start":{"line":15,"column":8},"end":{"line":15,"column":29}},"7":{"start":{"line":16,"column":8},"end":{"line":16,"column":76}},"8":{"start":{"line":21,"column":4},"end":{"line":39,"column":5}},"9":{"start":{"line":22,"column":35},"end":{"line":22,"column":45}},"10":{"start":{"line":24,"column":8},"end":{"line":26,"column":9}},"11":{"start":{"line":25,"column":12},"end":{"line":25,"column":89}},"12":{"start":{"line":28,"column":25},"end":{"line":28,"column":75}},"13":{"start":{"line":30,"column":8},"end":{"line":32,"column":9}},"14":{"start":{"line":31,"column":12},"end":{"line":31,"column":99}},"15":{"start":{"line":34,"column":8},"end":{"line":34,"column":46}},"16":{"start":{"line":37,"column":8},"end":{"line":37,"column":29}},"17":{"start":{"line":38,"column":8},"end":{"line":38,"column":92}},"18":{"start":{"line":44,"column":4},"end":{"line":73,"column":5}},"19":{"start":{"line":46,"column":20},"end":{"line":46,"column":36}},"20":{"start":{"line":48,"column":80},"end":{"line":48,"column":88}},"21":{"start":{"line":50,"column":4},"end":{"line":54,"column":5}},"22":{"start":{"line":51,"column":8},"end":{"line":53,"column":11}},"23":{"start":{"line":57,"column":4},"end":{"line":64,"column":5}},"24":{"start":{"line":66,"column":27},"end":{"line":66,"column":76}},"25":{"start":{"line":68,"column":4},"end":{"line":68,"column":48}},"26":{"start":{"line":71,"column":8},"end":{"line":71,"column":29}},"27":{"start":{"line":72,"column":8},"end":{"line":72,"column":89}},"28":{"start":{"line":77,"column":4},"end":{"line":104,"column":5}},"29":{"start":{"line":78,"column":35},"end":{"line":78,"column":45}},"30":{"start":{"line":79,"column":84},"end":{"line":79,"column":92}},"31":{"start":{"line":81,"column":8},"end":{"line":83,"column":9}},"32":{"start":{"line":82,"column":12},"end":{"line":82,"column":86}},"33":{"start":{"line":85,"column":32},"end":{"line":85,"column":35}},"34":{"start":{"line":87,"column":8},"end":{"line":87,"column":63}},"35":{"start":{"line":87,"column":23},"end":{"line":87,"column":63}},"36":{"start":{"line":88,"column":8},"end":{"line":88,"column":66}},"37":{"start":{"line":88,"column":24},"end":{"line":88,"column":66}},"38":{"start":{"line":89,"column":8},"end":{"line":89,"column":72}},"39":{"start":{"line":89,"column":26},"end":{"line":89,"column":72}},"40":{"start":{"line":90,"column":8},"end":{"line":90,"column":63}},"41":{"start":{"line":90,"column":23},"end":{"line":90,"column":63}},"42":{"start":{"line":91,"column":8},"end":{"line":91,"column":66}},"43":{"start":{"line":91,"column":24},"end":{"line":91,"column":66}},"44":{"start":{"line":93,"column":34},"end":{"line":93,"column":99}},"45":{"start":{"line":95,"column":8},"end":{"line":97,"column":9}},"46":{"start":{"line":96,"column":12},"end":{"line":96,"column":125}},"47":{"start":{"line":99,"column":8},"end":{"line":99,"column":55}},"48":{"start":{"line":102,"column":8},"end":{"line":102,"column":29}},"49":{"start":{"line":103,"column":8},"end":{"line":103,"column":84}},"50":{"start":{"line":108,"column":4},"end":{"line":127,"column":5}},"51":{"start":{"line":110,"column":35},"end":{"line":110,"column":45}},"52":{"start":{"line":112,"column":8},"end":{"line":114,"column":9}},"53":{"start":{"line":113,"column":12},"end":{"line":113,"column":90}},"54":{"start":{"line":116,"column":31},"end":{"line":116,"column":79}},"55":{"start":{"line":118,"column":8},"end":{"line":120,"column":9}},"56":{"start":{"line":119,"column":12},"end":{"line":119,"column":95}},"57":{"start":{"line":122,"column":8},"end":{"line":122,"column":52}},"58":{"start":{"line":125,"column":8},"end":{"line":125,"column":29}},"59":{"start":{"line":126,"column":8},"end":{"line":126,"column":77}},"60":{"start":{"line":130,"column":0},"end":{"line":136,"column":1}}},"fnMap":{"0":{"name":"getAll","decl":{"start":{"line":3,"column":15},"end":{"line":3,"column":21}},"loc":{"start":{"line":3,"column":33},"end":{"line":18,"column":1}},"line":3},"1":{"name":"getById","decl":{"start":{"line":20,"column":15},"end":{"line":20,"column":22}},"loc":{"start":{"line":20,"column":33},"end":{"line":40,"column":1}},"line":20},"2":{"name":"postReplacement","decl":{"start":{"line":42,"column":15},"end":{"line":42,"column":30}},"loc":{"start":{"line":42,"column":41},"end":{"line":74,"column":1}},"line":42},"3":{"name":"putReplacement","decl":{"start":{"line":76,"column":15},"end":{"line":76,"column":29}},"loc":{"start":{"line":76,"column":41},"end":{"line":105,"column":1}},"line":76},"4":{"name":"deleteReplacement","decl":{"start":{"line":107,"column":15},"end":{"line":107,"column":32}},"loc":{"start":{"line":107,"column":43},"end":{"line":128,"column":1}},"line":107}},"branchMap":{"0":{"loc":{"start":{"line":8,"column":8},"end":{"line":10,"column":9}},"type":"if","locations":[{"start":{"line":8,"column":8},"end":{"line":10,"column":9}},{"start":{},"end":{}}],"line":8},"1":{"loc":{"start":{"line":8,"column":11},"end":{"line":8,"column":61}},"type":"binary-expr","locations":[{"start":{"line":8,"column":11},"end":{"line":8,"column":27}},{"start":{"line":8,"column":31},"end":{"line":8,"column":61}}],"line":8},"2":{"loc":{"start":{"line":24,"column":8},"end":{"line":26,"column":9}},"type":"if","locations":[{"start":{"line":24,"column":8},"end":{"line":26,"column":9}},{"start":{},"end":{}}],"line":24},"3":{"loc":{"start":{"line":30,"column":8},"end":{"line":32,"column":9}},"type":"if","locations":[{"start":{"line":30,"column":8},"end":{"line":32,"column":9}},{"start":{},"end":{}}],"line":30},"4":{"loc":{"start":{"line":50,"column":4},"end":{"line":54,"column":5}},"type":"if","locations":[{"start":{"line":50,"column":4},"end":{"line":54,"column":5}},{"start":{},"end":{}}],"line":50},"5":{"loc":{"start":{"line":50,"column":7},"end":{"line":50,"column":80}},"type":"binary-expr","locations":[{"start":{"line":50,"column":7},"end":{"line":50,"column":15}},{"start":{"line":50,"column":19},"end":{"line":50,"column":30}},{"start":{"line":50,"column":34},"end":{"line":50,"column":46}},{"start":{"line":50,"column":50},"end":{"line":50,"column":64}},{"start":{"line":50,"column":68},"end":{"line":50,"column":80}}],"line":50},"6":{"loc":{"start":{"line":81,"column":8},"end":{"line":83,"column":9}},"type":"if","locations":[{"start":{"line":81,"column":8},"end":{"line":83,"column":9}},{"start":{},"end":{}}],"line":81},"7":{"loc":{"start":{"line":87,"column":8},"end":{"line":87,"column":63}},"type":"if","locations":[{"start":{"line":87,"column":8},"end":{"line":87,"column":63}},{"start":{},"end":{}}],"line":87},"8":{"loc":{"start":{"line":88,"column":8},"end":{"line":88,"column":66}},"type":"if","locations":[{"start":{"line":88,"column":8},"end":{"line":88,"column":66}},{"start":{},"end":{}}],"line":88},"9":{"loc":{"start":{"line":89,"column":8},"end":{"line":89,"column":72}},"type":"if","locations":[{"start":{"line":89,"column":8},"end":{"line":89,"column":72}},{"start":{},"end":{}}],"line":89},"10":{"loc":{"start":{"line":90,"column":8},"end":{"line":90,"column":63}},"type":"if","locations":[{"start":{"line":90,"column":8},"end":{"line":90,"column":63}},{"start":{},"end":{}}],"line":90},"11":{"loc":{"start":{"line":91,"column":8},"end":{"line":91,"column":66}},"type":"if","locations":[{"start":{"line":91,"column":8},"end":{"line":91,"column":66}},{"start":{},"end":{}}],"line":91},"12":{"loc":{"start":{"line":95,"column":8},"end":{"line":97,"column":9}},"type":"if","locations":[{"start":{"line":95,"column":8},"end":{"line":97,"column":9}},{"start":{},"end":{}}],"line":95},"13":{"loc":{"start":{"line":112,"column":8},"end":{"line":114,"column":9}},"type":"if","locations":[{"start":{"line":112,"column":8},"end":{"line":114,"column":9}},{"start":{},"end":{}}],"line":112},"14":{"loc":{"start":{"line":118,"column":8},"end":{"line":120,"column":9}},"type":"if","locations":[{"start":{"line":118,"column":8},"end":{"line":120,"column":9}},{"start":{},"end":{}}],"line":118}},"s":{"0":1,"1":2,"2":2,"3":1,"4":0,"5":1,"6":1,"7":1,"8":4,"9":4,"10":4,"11":1,"12":3,"13":2,"14":1,"15":1,"16":1,"17":1,"18":4,"19":4,"20":4,"21":4,"22":2,"23":2,"24":2,"25":1,"26":1,"27":1,"28":4,"29":4,"30":4,"31":4,"32":1,"33":3,"34":3,"35":0,"36":3,"37":0,"38":3,"39":3,"40":3,"41":3,"42":3,"43":0,"44":3,"45":2,"46":1,"47":1,"48":1,"49":1,"50":4,"51":4,"52":4,"53":1,"54":3,"55":2,"56":1,"57":1,"58":1,"59":1,"60":1},"f":{"0":2,"1":4,"2":4,"3":4,"4":4},"b":{"0":[0,1],"1":[1,0],"2":[1,3],"3":[1,1],"4":[2,2],"5":[4,3,3,2,2],"6":[1,3],"7":[0,3],"8":[0,3],"9":[3,0],"10":[3,0],"11":[0,3],"12":[1,1],"13":[1,3],"14":[1,1]},"_coverageSchema":"1a1c01bbd47fc00a2c39e90264f33305004495a9","hash":"106d6bfc6fd4e35d376a105c531b7fd5940f2bd9"}
,"/home/familia/Área de trabalho/sisrepo/src/controllers/schedulesController.js": {"path":"/home/familia/Área de trabalho/sisrepo/src/controllers/schedulesController.js","statementMap":{"0":{"start":{"line":1,"column":25},"end":{"line":1,"column":64}},"1":{"start":{"line":4,"column":4},"end":{"line":18,"column":5}},"2":{"start":{"line":5,"column":32},"end":{"line":5,"column":42}},"3":{"start":{"line":7,"column":31},"end":{"line":7,"column":75}},"4":{"start":{"line":9,"column":8},"end":{"line":11,"column":9}},"5":{"start":{"line":10,"column":12},"end":{"line":10,"column":95}},"6":{"start":{"line":13,"column":8},"end":{"line":13,"column":52}},"7":{"start":{"line":16,"column":8},"end":{"line":16,"column":28}},"8":{"start":{"line":17,"column":8},"end":{"line":17,"column":102}},"9":{"start":{"line":22,"column":4},"end":{"line":30,"column":5}},"10":{"start":{"line":23,"column":29},"end":{"line":23,"column":61}},"11":{"start":{"line":25,"column":8},"end":{"line":25,"column":50}},"12":{"start":{"line":28,"column":8},"end":{"line":28,"column":29}},"13":{"start":{"line":29,"column":8},"end":{"line":29,"column":120}},"14":{"start":{"line":34,"column":4},"end":{"line":61,"column":5}},"15":{"start":{"line":36,"column":25},"end":{"line":36,"column":67}},"16":{"start":{"line":37,"column":55},"end":{"line":37,"column":63}},"17":{"start":{"line":39,"column":8},"end":{"line":41,"column":9}},"18":{"start":{"line":40,"column":12},"end":{"line":40,"column":98}},"19":{"start":{"line":43,"column":8},"end":{"line":45,"column":1}},"20":{"start":{"line":44,"column":12},"end":{"line":44,"column":132}},"21":{"start":{"line":47,"column":29},"end":{"line":52,"column":5}},"22":{"start":{"line":54,"column":28},"end":{"line":54,"column":71}},"23":{"start":{"line":56,"column":8},"end":{"line":56,"column":49}},"24":{"start":{"line":59,"column":8},"end":{"line":59,"column":29}},"25":{"start":{"line":60,"column":8},"end":{"line":60,"column":101}},"26":{"start":{"line":65,"column":4},"end":{"line":96,"column":5}},"27":{"start":{"line":67,"column":33},"end":{"line":67,"column":43}},"28":{"start":{"line":68,"column":56},"end":{"line":68,"column":64}},"29":{"start":{"line":70,"column":8},"end":{"line":72,"column":9}},"30":{"start":{"line":71,"column":12},"end":{"line":71,"column":83}},"31":{"start":{"line":75,"column":29},"end":{"line":75,"column":33}},"32":{"start":{"line":77,"column":8},"end":{"line":77,"column":69}},"33":{"start":{"line":77,"column":26},"end":{"line":77,"column":69}},"34":{"start":{"line":78,"column":8},"end":{"line":78,"column":45}},"35":{"start":{"line":78,"column":18},"end":{"line":78,"column":45}},"36":{"start":{"line":79,"column":8},"end":{"line":79,"column":66}},"37":{"start":{"line":79,"column":25},"end":{"line":79,"column":66}},"38":{"start":{"line":81,"column":8},"end":{"line":83,"column":9}},"39":{"start":{"line":82,"column":12},"end":{"line":82,"column":96}},"40":{"start":{"line":85,"column":23},"end":{"line":85,"column":79}},"41":{"start":{"line":87,"column":8},"end":{"line":89,"column":9}},"42":{"start":{"line":88,"column":12},"end":{"line":88,"column":124}},"43":{"start":{"line":91,"column":12},"end":{"line":91,"column":48}},"44":{"start":{"line":94,"column":8},"end":{"line":94,"column":29}},"45":{"start":{"line":95,"column":8},"end":{"line":95,"column":105}},"46":{"start":{"line":100,"column":4},"end":{"line":118,"column":5}},"47":{"start":{"line":101,"column":32},"end":{"line":101,"column":42}},"48":{"start":{"line":103,"column":8},"end":{"line":105,"column":9}},"49":{"start":{"line":104,"column":12},"end":{"line":104,"column":98}},"50":{"start":{"line":107,"column":28},"end":{"line":107,"column":70}},"51":{"start":{"line":109,"column":8},"end":{"line":111,"column":9}},"52":{"start":{"line":110,"column":12},"end":{"line":110,"column":120}},"53":{"start":{"line":113,"column":8},"end":{"line":113,"column":49}},"54":{"start":{"line":116,"column":8},"end":{"line":116,"column":29}},"55":{"start":{"line":117,"column":8},"end":{"line":117,"column":110}},"56":{"start":{"line":121,"column":0},"end":{"line":127,"column":2}}},"fnMap":{"0":{"name":"getSchedule","decl":{"start":{"line":3,"column":15},"end":{"line":3,"column":26}},"loc":{"start":{"line":3,"column":37},"end":{"line":19,"column":1}},"line":3},"1":{"name":"getAll","decl":{"start":{"line":21,"column":15},"end":{"line":21,"column":21}},"loc":{"start":{"line":21,"column":32},"end":{"line":31,"column":1}},"line":21},"2":{"name":"postSchedule","decl":{"start":{"line":33,"column":15},"end":{"line":33,"column":27}},"loc":{"start":{"line":33,"column":38},"end":{"line":62,"column":1}},"line":33},"3":{"name":"putSchedule","decl":{"start":{"line":64,"column":15},"end":{"line":64,"column":26}},"loc":{"start":{"line":64,"column":37},"end":{"line":97,"column":1}},"line":64},"4":{"name":"delSchedule","decl":{"start":{"line":99,"column":15},"end":{"line":99,"column":26}},"loc":{"start":{"line":99,"column":37},"end":{"line":119,"column":1}},"line":99}},"branchMap":{"0":{"loc":{"start":{"line":9,"column":8},"end":{"line":11,"column":9}},"type":"if","locations":[{"start":{"line":9,"column":8},"end":{"line":11,"column":9}},{"start":{},"end":{}}],"line":9},"1":{"loc":{"start":{"line":36,"column":25},"end":{"line":36,"column":67}},"type":"cond-expr","locations":[{"start":{"line":36,"column":44},"end":{"line":36,"column":60}},{"start":{"line":36,"column":63},"end":{"line":36,"column":67}}],"line":36},"2":{"loc":{"start":{"line":39,"column":8},"end":{"line":41,"column":9}},"type":"if","locations":[{"start":{"line":39,"column":8},"end":{"line":41,"column":9}},{"start":{},"end":{}}],"line":39},"3":{"loc":{"start":{"line":43,"column":8},"end":{"line":45,"column":1}},"type":"if","locations":[{"start":{"line":43,"column":8},"end":{"line":45,"column":1}},{"start":{},"end":{}}],"line":43},"4":{"loc":{"start":{"line":43,"column":12},"end":{"line":43,"column":53}},"type":"binary-expr","locations":[{"start":{"line":43,"column":12},"end":{"line":43,"column":26}},{"start":{"line":43,"column":30},"end":{"line":43,"column":36}},{"start":{"line":43,"column":40},"end":{"line":43,"column":53}}],"line":43},"5":{"loc":{"start":{"line":70,"column":8},"end":{"line":72,"column":9}},"type":"if","locations":[{"start":{"line":70,"column":8},"end":{"line":72,"column":9}},{"start":{},"end":{}}],"line":70},"6":{"loc":{"start":{"line":77,"column":8},"end":{"line":77,"column":69}},"type":"if","locations":[{"start":{"line":77,"column":8},"end":{"line":77,"column":69}},{"start":{},"end":{}}],"line":77},"7":{"loc":{"start":{"line":78,"column":8},"end":{"line":78,"column":45}},"type":"if","locations":[{"start":{"line":78,"column":8},"end":{"line":78,"column":45}},{"start":{},"end":{}}],"line":78},"8":{"loc":{"start":{"line":79,"column":8},"end":{"line":79,"column":66}},"type":"if","locations":[{"start":{"line":79,"column":8},"end":{"line":79,"column":66}},{"start":{},"end":{}}],"line":79},"9":{"loc":{"start":{"line":81,"column":8},"end":{"line":83,"column":9}},"type":"if","locations":[{"start":{"line":81,"column":8},"end":{"line":83,"column":9}},{"start":{},"end":{}}],"line":81},"10":{"loc":{"start":{"line":87,"column":8},"end":{"line":89,"column":9}},"type":"if","locations":[{"start":{"line":87,"column":8},"end":{"line":89,"column":9}},{"start":{},"end":{}}],"line":87},"11":{"loc":{"start":{"line":103,"column":8},"end":{"line":105,"column":9}},"type":"if","locations":[{"start":{"line":103,"column":8},"end":{"line":105,"column":9}},{"start":{},"end":{}}],"line":103},"12":{"loc":{"start":{"line":109,"column":8},"end":{"line":111,"column":9}},"type":"if","locations":[{"start":{"line":109,"column":8},"end":{"line":111,"column":9}},{"start":{},"end":{}}],"line":109}},"s":{"0":1,"1":3,"2":3,"3":3,"4":2,"5":1,"6":1,"7":1,"8":1,"9":2,"10":2,"11":1,"12":1,"13":1,"14":4,"15":4,"16":4,"17":4,"18":1,"19":3,"20":1,"21":2,"22":2,"23":1,"24":1,"25":1,"26":5,"27":5,"28":5,"29":5,"30":1,"31":4,"32":4,"33":0,"34":4,"35":3,"36":4,"37":3,"38":4,"39":1,"40":3,"41":2,"42":1,"43":1,"44":1,"45":1,"46":4,"47":4,"48":4,"49":1,"50":3,"51":2,"52":1,"53":1,"54":1,"55":1,"56":1},"f":{"0":3,"1":2,"2":4,"3":5,"4":4},"b":{"0":[1,1],"1":[3,1],"2":[1,3],"3":[1,2],"4":[3,3,3],"5":[1,4],"6":[0,4],"7":[3,1],"8":[3,1],"9":[1,3],"10":[1,1],"11":[1,3],"12":[1,1]},"_coverageSchema":"1a1c01bbd47fc00a2c39e90264f33305004495a9","hash":"653ba67d872da280d445962f4feaaa9ce971af20"}
,"/home/familia/Área de trabalho/sisrepo/src/controllers/studentsController.js": {"path":"/home/familia/Área de trabalho/sisrepo/src/controllers/studentsController.js","statementMap":{"0":{"start":{"line":1,"column":24},"end":{"line":1,"column":62}},"1":{"start":{"line":4,"column":4},"end":{"line":12,"column":5}},"2":{"start":{"line":5,"column":28},"end":{"line":5,"column":59}},"3":{"start":{"line":7,"column":8},"end":{"line":7,"column":42}},"4":{"start":{"line":10,"column":8},"end":{"line":10,"column":29}},"5":{"start":{"line":11,"column":8},"end":{"line":11,"column":116}},"6":{"start":{"line":16,"column":4},"end":{"line":34,"column":5}},"7":{"start":{"line":17,"column":31},"end":{"line":17,"column":41}},"8":{"start":{"line":19,"column":8},"end":{"line":21,"column":9}},"9":{"start":{"line":20,"column":12},"end":{"line":20,"column":80}},"10":{"start":{"line":23,"column":27},"end":{"line":23,"column":69}},"11":{"start":{"line":25,"column":8},"end":{"line":27,"column":9}},"12":{"start":{"line":26,"column":12},"end":{"line":26,"column":94}},"13":{"start":{"line":29,"column":8},"end":{"line":29,"column":48}},"14":{"start":{"line":32,"column":8},"end":{"line":32,"column":29}},"15":{"start":{"line":33,"column":8},"end":{"line":33,"column":109}},"16":{"start":{"line":38,"column":4},"end":{"line":58,"column":5}},"17":{"start":{"line":39,"column":24},"end":{"line":39,"column":40}},"18":{"start":{"line":41,"column":55},"end":{"line":41,"column":63}},"19":{"start":{"line":43,"column":26},"end":{"line":43,"column":44}},"20":{"start":{"line":45,"column":28},"end":{"line":49,"column":30}},"21":{"start":{"line":51,"column":27},"end":{"line":51,"column":77}},"22":{"start":{"line":53,"column":8},"end":{"line":53,"column":49}},"23":{"start":{"line":56,"column":8},"end":{"line":56,"column":29}},"24":{"start":{"line":57,"column":8},"end":{"line":57,"column":89}},"25":{"start":{"line":62,"column":4},"end":{"line":88,"column":5}},"26":{"start":{"line":63,"column":25},"end":{"line":63,"column":41}},"27":{"start":{"line":64,"column":29},"end":{"line":64,"column":39}},"28":{"start":{"line":66,"column":8},"end":{"line":68,"column":9}},"29":{"start":{"line":67,"column":12},"end":{"line":67,"column":84}},"30":{"start":{"line":70,"column":28},"end":{"line":70,"column":32}},"31":{"start":{"line":72,"column":31},"end":{"line":72,"column":39}},"32":{"start":{"line":74,"column":8},"end":{"line":76,"column":9}},"33":{"start":{"line":75,"column":12},"end":{"line":75,"column":93}},"34":{"start":{"line":78,"column":8},"end":{"line":78,"column":44}},"35":{"start":{"line":78,"column":18},"end":{"line":78,"column":44}},"36":{"start":{"line":79,"column":8},"end":{"line":79,"column":38}},"37":{"start":{"line":79,"column":16},"end":{"line":79,"column":38}},"38":{"start":{"line":81,"column":31},"end":{"line":81,"column":93}},"39":{"start":{"line":83,"column":8},"end":{"line":83,"column":52}},"40":{"start":{"line":86,"column":8},"end":{"line":86,"column":29}},"41":{"start":{"line":87,"column":8},"end":{"line":87,"column":102}},"42":{"start":{"line":92,"column":4},"end":{"line":102,"column":5}},"43":{"start":{"line":93,"column":29},"end":{"line":93,"column":39}},"44":{"start":{"line":95,"column":27},"end":{"line":95,"column":67}},"45":{"start":{"line":97,"column":8},"end":{"line":97,"column":48}},"46":{"start":{"line":100,"column":8},"end":{"line":100,"column":29}},"47":{"start":{"line":101,"column":8},"end":{"line":101,"column":77}},"48":{"start":{"line":105,"column":0},"end":{"line":111,"column":1}}},"fnMap":{"0":{"name":"getAll","decl":{"start":{"line":3,"column":15},"end":{"line":3,"column":21}},"loc":{"start":{"line":3,"column":32},"end":{"line":13,"column":1}},"line":3},"1":{"name":"getId","decl":{"start":{"line":15,"column":15},"end":{"line":15,"column":20}},"loc":{"start":{"line":15,"column":31},"end":{"line":35,"column":1}},"line":15},"2":{"name":"postStudent","decl":{"start":{"line":37,"column":15},"end":{"line":37,"column":26}},"loc":{"start":{"line":37,"column":37},"end":{"line":59,"column":1}},"line":37},"3":{"name":"putStudent","decl":{"start":{"line":61,"column":15},"end":{"line":61,"column":25}},"loc":{"start":{"line":61,"column":36},"end":{"line":89,"column":1}},"line":61},"4":{"name":"deleteStudent","decl":{"start":{"line":91,"column":15},"end":{"line":91,"column":28}},"loc":{"start":{"line":91,"column":39},"end":{"line":103,"column":1}},"line":91}},"branchMap":{"0":{"loc":{"start":{"line":19,"column":8},"end":{"line":21,"column":9}},"type":"if","locations":[{"start":{"line":19,"column":8},"end":{"line":21,"column":9}},{"start":{},"end":{}}],"line":19},"1":{"loc":{"start":{"line":25,"column":8},"end":{"line":27,"column":9}},"type":"if","locations":[{"start":{"line":25,"column":8},"end":{"line":27,"column":9}},{"start":{},"end":{}}],"line":25},"2":{"loc":{"start":{"line":66,"column":8},"end":{"line":68,"column":9}},"type":"if","locations":[{"start":{"line":66,"column":8},"end":{"line":68,"column":9}},{"start":{},"end":{}}],"line":66},"3":{"loc":{"start":{"line":74,"column":8},"end":{"line":76,"column":9}},"type":"if","locations":[{"start":{"line":74,"column":8},"end":{"line":76,"column":9}},{"start":{},"end":{}}],"line":74},"4":{"loc":{"start":{"line":78,"column":8},"end":{"line":78,"column":44}},"type":"if","locations":[{"start":{"line":78,"column":8},"end":{"line":78,"column":44}},{"start":{},"end":{}}],"line":78},"5":{"loc":{"start":{"line":79,"column":8},"end":{"line":79,"column":38}},"type":"if","locations":[{"start":{"line":79,"column":8},"end":{"line":79,"column":38}},{"start":{},"end":{}}],"line":79}},"s":{"0":1,"1":2,"2":2,"3":1,"4":1,"5":1,"6":4,"7":4,"8":4,"9":1,"10":3,"11":2,"12":1,"13":1,"14":1,"15":1,"16":3,"17":3,"18":3,"19":3,"20":3,"21":3,"22":2,"23":1,"24":1,"25":6,"26":6,"27":6,"28":6,"29":1,"30":5,"31":5,"32":5,"33":1,"34":4,"35":3,"36":4,"37":2,"38":4,"39":3,"40":1,"41":1,"42":2,"43":2,"44":2,"45":1,"46":1,"47":1,"48":1},"f":{"0":2,"1":4,"2":3,"3":6,"4":2},"b":{"0":[1,3],"1":[1,1],"2":[1,5],"3":[1,4],"4":[3,1],"5":[2,2]},"_coverageSchema":"1a1c01bbd47fc00a2c39e90264f33305004495a9","hash":"412602f1fd0165f3a92bc0a9f826ff0fda76720b"}
,"/home/familia/Área de trabalho/sisrepo/src/controllers/userController.js": {"path":"/home/familia/Área de trabalho/sisrepo/src/controllers/userController.js","statementMap":{"0":{"start":{"line":1,"column":20},"end":{"line":1,"column":54}},"1":{"start":{"line":2,"column":12},"end":{"line":2,"column":35}},"2":{"start":{"line":3,"column":21},"end":{"line":3,"column":45}},"3":{"start":{"line":5,"column":19},"end":{"line":5,"column":41}},"4":{"start":{"line":8,"column":4},"end":{"line":34,"column":5}},"5":{"start":{"line":9,"column":36},"end":{"line":9,"column":44}},"6":{"start":{"line":11,"column":8},"end":{"line":13,"column":9}},"7":{"start":{"line":12,"column":12},"end":{"line":12,"column":89}},"8":{"start":{"line":15,"column":21},"end":{"line":15,"column":68}},"9":{"start":{"line":16,"column":8},"end":{"line":16,"column":50}},"10":{"start":{"line":20,"column":22},"end":{"line":24,"column":9}},"11":{"start":{"line":26,"column":8},"end":{"line":26,"column":53}},"12":{"start":{"line":29,"column":8},"end":{"line":31,"column":9}},"13":{"start":{"line":30,"column":12},"end":{"line":30,"column":68}},"14":{"start":{"line":33,"column":8},"end":{"line":33,"column":87}},"15":{"start":{"line":38,"column":4},"end":{"line":52,"column":5}},"16":{"start":{"line":39,"column":28},"end":{"line":39,"column":38}},"17":{"start":{"line":41,"column":21},"end":{"line":41,"column":56}},"18":{"start":{"line":43,"column":8},"end":{"line":45,"column":9}},"19":{"start":{"line":44,"column":12},"end":{"line":44,"column":85}},"20":{"start":{"line":47,"column":8},"end":{"line":47,"column":42}},"21":{"start":{"line":50,"column":8},"end":{"line":50,"column":29}},"22":{"start":{"line":51,"column":8},"end":{"line":51,"column":85}},"23":{"start":{"line":56,"column":4},"end":{"line":65,"column":5}},"24":{"start":{"line":58,"column":24},"end":{"line":58,"column":51}},"25":{"start":{"line":60,"column":8},"end":{"line":60,"column":45}},"26":{"start":{"line":63,"column":8},"end":{"line":63,"column":29}},"27":{"start":{"line":64,"column":8},"end":{"line":64,"column":90}},"28":{"start":{"line":69,"column":4},"end":{"line":81,"column":5}},"29":{"start":{"line":70,"column":52},"end":{"line":70,"column":60}},"30":{"start":{"line":72,"column":26},"end":{"line":72,"column":61}},"31":{"start":{"line":74,"column":24},"end":{"line":74,"column":58}},"32":{"start":{"line":76,"column":8},"end":{"line":76,"column":45}},"33":{"start":{"line":79,"column":8},"end":{"line":79,"column":29}},"34":{"start":{"line":80,"column":8},"end":{"line":80,"column":85}},"35":{"start":{"line":86,"column":4},"end":{"line":113,"column":5}},"36":{"start":{"line":88,"column":24},"end":{"line":88,"column":34}},"37":{"start":{"line":89,"column":48},"end":{"line":89,"column":56}},"38":{"start":{"line":91,"column":4},"end":{"line":93,"column":5}},"39":{"start":{"line":92,"column":8},"end":{"line":92,"column":80}},"40":{"start":{"line":95,"column":21},"end":{"line":95,"column":23}},"41":{"start":{"line":97,"column":4},"end":{"line":97,"column":34}},"42":{"start":{"line":97,"column":13},"end":{"line":97,"column":34}},"43":{"start":{"line":98,"column":4},"end":{"line":98,"column":37}},"44":{"start":{"line":98,"column":14},"end":{"line":98,"column":37}},"45":{"start":{"line":99,"column":4},"end":{"line":99,"column":46}},"46":{"start":{"line":99,"column":17},"end":{"line":99,"column":46}},"47":{"start":{"line":100,"column":4},"end":{"line":100,"column":46}},"48":{"start":{"line":100,"column":17},"end":{"line":100,"column":46}},"49":{"start":{"line":102,"column":4},"end":{"line":104,"column":5}},"50":{"start":{"line":103,"column":8},"end":{"line":103,"column":125}},"51":{"start":{"line":106,"column":20},"end":{"line":106,"column":63}},"52":{"start":{"line":108,"column":8},"end":{"line":108,"column":44}},"53":{"start":{"line":111,"column":8},"end":{"line":111,"column":29}},"54":{"start":{"line":112,"column":8},"end":{"line":112,"column":89}},"55":{"start":{"line":117,"column":0},"end":{"line":123,"column":2}}},"fnMap":{"0":{"name":"loginUser","decl":{"start":{"line":7,"column":15},"end":{"line":7,"column":24}},"loc":{"start":{"line":7,"column":35},"end":{"line":35,"column":1}},"line":7},"1":{"name":"getId","decl":{"start":{"line":37,"column":15},"end":{"line":37,"column":20}},"loc":{"start":{"line":37,"column":31},"end":{"line":53,"column":1}},"line":37},"2":{"name":"getAll","decl":{"start":{"line":55,"column":15},"end":{"line":55,"column":21}},"loc":{"start":{"line":55,"column":32},"end":{"line":66,"column":1}},"line":55},"3":{"name":"postUser","decl":{"start":{"line":68,"column":15},"end":{"line":68,"column":23}},"loc":{"start":{"line":68,"column":34},"end":{"line":82,"column":1}},"line":68},"4":{"name":"putUser","decl":{"start":{"line":84,"column":15},"end":{"line":84,"column":22}},"loc":{"start":{"line":84,"column":33},"end":{"line":115,"column":1}},"line":84}},"branchMap":{"0":{"loc":{"start":{"line":11,"column":8},"end":{"line":13,"column":9}},"type":"if","locations":[{"start":{"line":11,"column":8},"end":{"line":13,"column":9}},{"start":{},"end":{}}],"line":11},"1":{"loc":{"start":{"line":11,"column":11},"end":{"line":11,"column":30}},"type":"binary-expr","locations":[{"start":{"line":11,"column":11},"end":{"line":11,"column":17}},{"start":{"line":11,"column":21},"end":{"line":11,"column":30}}],"line":11},"2":{"loc":{"start":{"line":29,"column":8},"end":{"line":31,"column":9}},"type":"if","locations":[{"start":{"line":29,"column":8},"end":{"line":31,"column":9}},{"start":{},"end":{}}],"line":29},"3":{"loc":{"start":{"line":43,"column":8},"end":{"line":45,"column":9}},"type":"if","locations":[{"start":{"line":43,"column":8},"end":{"line":45,"column":9}},{"start":{},"end":{}}],"line":43},"4":{"loc":{"start":{"line":91,"column":4},"end":{"line":93,"column":5}},"type":"if","locations":[{"start":{"line":91,"column":4},"end":{"line":93,"column":5}},{"start":{},"end":{}}],"line":91},"5":{"loc":{"start":{"line":97,"column":4},"end":{"line":97,"column":34}},"type":"if","locations":[{"start":{"line":97,"column":4},"end":{"line":97,"column":34}},{"start":{},"end":{}}],"line":97},"6":{"loc":{"start":{"line":98,"column":4},"end":{"line":98,"column":37}},"type":"if","locations":[{"start":{"line":98,"column":4},"end":{"line":98,"column":37}},{"start":{},"end":{}}],"line":98},"7":{"loc":{"start":{"line":99,"column":4},"end":{"line":99,"column":46}},"type":"if","locations":[{"start":{"line":99,"column":4},"end":{"line":99,"column":46}},{"start":{},"end":{}}],"line":99},"8":{"loc":{"start":{"line":100,"column":4},"end":{"line":100,"column":46}},"type":"if","locations":[{"start":{"line":100,"column":4},"end":{"line":100,"column":46}},{"start":{},"end":{}}],"line":100},"9":{"loc":{"start":{"line":102,"column":4},"end":{"line":104,"column":5}},"type":"if","locations":[{"start":{"line":102,"column":4},"end":{"line":104,"column":5}},{"start":{},"end":{}}],"line":102}},"s":{"0":1,"1":1,"2":1,"3":1,"4":4,"5":4,"6":4,"7":1,"8":3,"9":1,"10":1,"11":1,"12":2,"13":1,"14":1,"15":0,"16":0,"17":0,"18":0,"19":0,"20":0,"21":0,"22":0,"23":0,"24":0,"25":0,"26":0,"27":0,"28":0,"29":0,"30":0,"31":0,"32":0,"33":0,"34":0,"35":0,"36":0,"37":0,"38":0,"39":0,"40":0,"41":0,"42":0,"43":0,"44":0,"45":0,"46":0,"47":0,"48":0,"49":0,"50":0,"51":0,"52":0,"53":0,"54":0,"55":1},"f":{"0":4,"1":0,"2":0,"3":0,"4":0},"b":{"0":[1,3],"1":[4,3],"2":[1,1],"3":[0,0],"4":[0,0],"5":[0,0],"6":[0,0],"7":[0,0],"8":[0,0],"9":[0,0]},"_coverageSchema":"1a1c01bbd47fc00a2c39e90264f33305004495a9","hash":"5984403f171d102e7350a346a40438132d3d94a0"}
,"/home/familia/Área de trabalho/sisrepo/src/models/ReplacementsModel.js": {"path":"/home/familia/Área de trabalho/sisrepo/src/models/ReplacementsModel.js","statementMap":{"0":{"start":{"line":1,"column":13},"end":{"line":1,"column":31}},"1":{"start":{"line":2,"column":19},"end":{"line":2,"column":33}},"2":{"start":{"line":6,"column":8},"end":{"line":8,"column":17}},"3":{"start":{"line":12,"column":8},"end":{"line":13,"column":100}},"4":{"start":{"line":17,"column":35},"end":{"line":19,"column":102}},"5":{"start":{"line":21,"column":8},"end":{"line":21,"column":30}},"6":{"start":{"line":26,"column":35},"end":{"line":29,"column":102}},"7":{"start":{"line":30,"column":8},"end":{"line":30,"column":30}},"8":{"start":{"line":34,"column":8},"end":{"line":36,"column":15}},"9":{"start":{"line":40,"column":0},"end":{"line":40,"column":35}}},"fnMap":{"0":{"name":"(anonymous_0)","decl":{"start":{"line":5,"column":4},"end":{"line":5,"column":5}},"loc":{"start":{"line":5,"column":42},"end":{"line":9,"column":5}},"line":5},"1":{"name":"(anonymous_1)","decl":{"start":{"line":11,"column":4},"end":{"line":11,"column":5}},"loc":{"start":{"line":11,"column":27},"end":{"line":14,"column":5}},"line":11},"2":{"name":"(anonymous_2)","decl":{"start":{"line":16,"column":4},"end":{"line":16,"column":5}},"loc":{"start":{"line":16,"column":41},"end":{"line":22,"column":5}},"line":16},"3":{"name":"(anonymous_3)","decl":{"start":{"line":24,"column":4},"end":{"line":24,"column":5}},"loc":{"start":{"line":24,"column":57},"end":{"line":31,"column":5}},"line":24},"4":{"name":"(anonymous_4)","decl":{"start":{"line":33,"column":4},"end":{"line":33,"column":5}},"loc":{"start":{"line":33,"column":40},"end":{"line":37,"column":5}},"line":33}},"branchMap":{},"s":{"0":2,"1":2,"2":1,"3":1,"4":1,"5":1,"6":1,"7":1,"8":1,"9":2},"f":{"0":1,"1":1,"2":1,"3":1,"4":1},"b":{},"_coverageSchema":"1a1c01bbd47fc00a2c39e90264f33305004495a9","hash":"fdec9f95a8dc9053c8f6393da768971acfa4b2a7"}
,"/home/familia/Área de trabalho/sisrepo/src/models/SchedulesModel.js": {"path":"/home/familia/Área de trabalho/sisrepo/src/models/SchedulesModel.js","statementMap":{"0":{"start":{"line":1,"column":13},"end":{"line":1,"column":31}},"1":{"start":{"line":2,"column":19},"end":{"line":2,"column":30}},"2":{"start":{"line":6,"column":8},"end":{"line":8,"column":17}},"3":{"start":{"line":12,"column":8},"end":{"line":13,"column":95}},"4":{"start":{"line":17,"column":32},"end":{"line":19,"column":97}},"5":{"start":{"line":21,"column":8},"end":{"line":21,"column":27}},"6":{"start":{"line":25,"column":29},"end":{"line":28,"column":9}},"7":{"start":{"line":30,"column":35},"end":{"line":33,"column":97}},"8":{"start":{"line":34,"column":8},"end":{"line":34,"column":30}},"9":{"start":{"line":38,"column":8},"end":{"line":40,"column":15}},"10":{"start":{"line":44,"column":8},"end":{"line":46,"column":17}},"11":{"start":{"line":50,"column":23},"end":{"line":53,"column":16}},"12":{"start":{"line":55,"column":8},"end":{"line":55,"column":47}},"13":{"start":{"line":59,"column":8},"end":{"line":61,"column":17}},"14":{"start":{"line":65,"column":8},"end":{"line":66,"column":32}},"15":{"start":{"line":70,"column":0},"end":{"line":70,"column":32}}},"fnMap":{"0":{"name":"(anonymous_0)","decl":{"start":{"line":5,"column":4},"end":{"line":5,"column":5}},"loc":{"start":{"line":5,"column":39},"end":{"line":9,"column":5}},"line":5},"1":{"name":"(anonymous_1)","decl":{"start":{"line":11,"column":4},"end":{"line":11,"column":5}},"loc":{"start":{"line":11,"column":27},"end":{"line":14,"column":5}},"line":11},"2":{"name":"(anonymous_2)","decl":{"start":{"line":16,"column":4},"end":{"line":16,"column":5}},"loc":{"start":{"line":16,"column":38},"end":{"line":22,"column":5}},"line":16},"3":{"name":"(anonymous_3)","decl":{"start":{"line":24,"column":4},"end":{"line":24,"column":5}},"loc":{"start":{"line":24,"column":51},"end":{"line":35,"column":5}},"line":24},"4":{"name":"(anonymous_4)","decl":{"start":{"line":37,"column":4},"end":{"line":37,"column":5}},"loc":{"start":{"line":37,"column":37},"end":{"line":41,"column":5}},"line":37},"5":{"name":"(anonymous_5)","decl":{"start":{"line":43,"column":4},"end":{"line":43,"column":5}},"loc":{"start":{"line":43,"column":36},"end":{"line":47,"column":5}},"line":43},"6":{"name":"(anonymous_6)","decl":{"start":{"line":49,"column":4},"end":{"line":49,"column":5}},"loc":{"start":{"line":49,"column":44},"end":{"line":56,"column":5}},"line":49},"7":{"name":"(anonymous_7)","decl":{"start":{"line":58,"column":4},"end":{"line":58,"column":5}},"loc":{"start":{"line":58,"column":58},"end":{"line":62,"column":5}},"line":58},"8":{"name":"(anonymous_8)","decl":{"start":{"line":64,"column":4},"end":{"line":64,"column":5}},"loc":{"start":{"line":64,"column":52},"end":{"line":67,"column":5}},"line":64}},"branchMap":{},"s":{"0":2,"1":2,"2":1,"3":1,"4":1,"5":1,"6":1,"7":1,"8":1,"9":1,"10":1,"11":1,"12":1,"13":1,"14":1,"15":2},"f":{"0":1,"1":1,"2":1,"3":1,"4":1,"5":1,"6":1,"7":1,"8":1},"b":{},"_coverageSchema":"1a1c01bbd47fc00a2c39e90264f33305004495a9","hash":"41902a3798cbb0a25d9bab1579296f3911c92bcb"}
,"/home/familia/Área de trabalho/sisrepo/src/models/StudentsModel.js": {"path":"/home/familia/Área de trabalho/sisrepo/src/models/StudentsModel.js","statementMap":{"0":{"start":{"line":1,"column":13},"end":{"line":1,"column":31}},"1":{"start":{"line":2,"column":19},"end":{"line":2,"column":29}},"2":{"start":{"line":6,"column":8},"end":{"line":8,"column":17}},"3":{"start":{"line":12,"column":8},"end":{"line":13,"column":91}},"4":{"start":{"line":18,"column":29},"end":{"line":20,"column":93}},"5":{"start":{"line":21,"column":8},"end":{"line":21,"column":26}},"6":{"start":{"line":25,"column":32},"end":{"line":28,"column":93}},"7":{"start":{"line":29,"column":8},"end":{"line":29,"column":29}},"8":{"start":{"line":33,"column":8},"end":{"line":35,"column":15}},"9":{"start":{"line":39,"column":8},"end":{"line":41,"column":17}},"10":{"start":{"line":45,"column":8},"end":{"line":47,"column":17}},"11":{"start":{"line":51,"column":8},"end":{"line":53,"column":17}},"12":{"start":{"line":57,"column":0},"end":{"line":57,"column":31}}},"fnMap":{"0":{"name":"(anonymous_0)","decl":{"start":{"line":5,"column":4},"end":{"line":5,"column":5}},"loc":{"start":{"line":5,"column":38},"end":{"line":9,"column":5}},"line":5},"1":{"name":"(anonymous_1)","decl":{"start":{"line":11,"column":4},"end":{"line":11,"column":5}},"loc":{"start":{"line":11,"column":27},"end":{"line":14,"column":5}},"line":11},"2":{"name":"(anonymous_2)","decl":{"start":{"line":16,"column":4},"end":{"line":16,"column":5}},"loc":{"start":{"line":16,"column":46},"end":{"line":22,"column":5}},"line":16},"3":{"name":"(anonymous_3)","decl":{"start":{"line":24,"column":4},"end":{"line":24,"column":5}},"loc":{"start":{"line":24,"column":58},"end":{"line":30,"column":5}},"line":24},"4":{"name":"(anonymous_4)","decl":{"start":{"line":32,"column":4},"end":{"line":32,"column":5}},"loc":{"start":{"line":32,"column":36},"end":{"line":36,"column":5}},"line":32},"5":{"name":"(anonymous_5)","decl":{"start":{"line":38,"column":4},"end":{"line":38,"column":5}},"loc":{"start":{"line":38,"column":36},"end":{"line":42,"column":5}},"line":38},"6":{"name":"(anonymous_6)","decl":{"start":{"line":44,"column":4},"end":{"line":44,"column":5}},"loc":{"start":{"line":44,"column":32},"end":{"line":48,"column":5}},"line":44},"7":{"name":"(anonymous_7)","decl":{"start":{"line":50,"column":4},"end":{"line":50,"column":5}},"loc":{"start":{"line":50,"column":61},"end":{"line":54,"column":5}},"line":50}},"branchMap":{},"s":{"0":2,"1":2,"2":1,"3":1,"4":1,"5":1,"6":1,"7":1,"8":1,"9":1,"10":1,"11":1,"12":2},"f":{"0":1,"1":1,"2":1,"3":1,"4":1,"5":1,"6":1,"7":1},"b":{},"_coverageSchema":"1a1c01bbd47fc00a2c39e90264f33305004495a9","hash":"522ffe99e03ddb0eac49c447ad2d023fedadc620"}
,"/home/familia/Área de trabalho/sisrepo/src/models/UserModel.js": {"path":"/home/familia/Área de trabalho/sisrepo/src/models/UserModel.js","statementMap":{"0":{"start":{"line":1,"column":13},"end":{"line":1,"column":31}},"1":{"start":{"line":2,"column":19},"end":{"line":2,"column":26}},"2":{"start":{"line":7,"column":8},"end":{"line":9,"column":17}},"3":{"start":{"line":13,"column":8},"end":{"line":14,"column":57}},"4":{"start":{"line":19,"column":26},"end":{"line":21,"column":60}},"5":{"start":{"line":22,"column":8},"end":{"line":22,"column":23}},"6":{"start":{"line":27,"column":29},"end":{"line":30,"column":60}},"7":{"start":{"line":32,"column":8},"end":{"line":32,"column":26}},"8":{"start":{"line":36,"column":8},"end":{"line":36,"column":57}},"9":{"start":{"line":40,"column":8},"end":{"line":42,"column":16}},"10":{"start":{"line":47,"column":8},"end":{"line":47,"column":49}},"11":{"start":{"line":52,"column":0},"end":{"line":52,"column":27}}},"fnMap":{"0":{"name":"(anonymous_0)","decl":{"start":{"line":6,"column":4},"end":{"line":6,"column":5}},"loc":{"start":{"line":6,"column":35},"end":{"line":10,"column":5}},"line":6},"1":{"name":"(anonymous_1)","decl":{"start":{"line":12,"column":4},"end":{"line":12,"column":5}},"loc":{"start":{"line":12,"column":27},"end":{"line":15,"column":5}},"line":12},"2":{"name":"(anonymous_2)","decl":{"start":{"line":17,"column":4},"end":{"line":17,"column":5}},"loc":{"start":{"line":17,"column":34},"end":{"line":23,"column":5}},"line":17},"3":{"name":"(anonymous_3)","decl":{"start":{"line":25,"column":4},"end":{"line":25,"column":5}},"loc":{"start":{"line":25,"column":43},"end":{"line":33,"column":5}},"line":25},"4":{"name":"(anonymous_4)","decl":{"start":{"line":35,"column":4},"end":{"line":35,"column":5}},"loc":{"start":{"line":35,"column":33},"end":{"line":37,"column":5}},"line":35},"5":{"name":"(anonymous_5)","decl":{"start":{"line":39,"column":4},"end":{"line":39,"column":5}},"loc":{"start":{"line":39,"column":36},"end":{"line":43,"column":5}},"line":39},"6":{"name":"(anonymous_6)","decl":{"start":{"line":45,"column":4},"end":{"line":45,"column":5}},"loc":{"start":{"line":45,"column":42},"end":{"line":48,"column":5}},"line":45}},"branchMap":{},"s":{"0":1,"1":1,"2":1,"3":1,"4":1,"5":1,"6":1,"7":1,"8":1,"9":1,"10":1,"11":1},"f":{"0":1,"1":1,"2":1,"3":1,"4":1,"5":1,"6":1},"b":{},"_coverageSchema":"1a1c01bbd47fc00a2c39e90264f33305004495a9","hash":"845239ef0475ae2d49cb57f5d3f96b10a6d23568"}
,"/home/familia/Área de trabalho/sisrepo/src/repositories/ReplacementsRepository.js": {"path":"/home/familia/Área de trabalho/sisrepo/src/repositories/ReplacementsRepository.js","statementMap":{"0":{"start":{"line":1,"column":26},"end":{"line":1,"column":64}},"1":{"start":{"line":6,"column":8},"end":{"line":6,"column":58}},"2":{"start":{"line":10,"column":8},"end":{"line":10,"column":43}},"3":{"start":{"line":14,"column":8},"end":{"line":14,"column":66}},"4":{"start":{"line":18,"column":8},"end":{"line":18,"column":73}},"5":{"start":{"line":22,"column":8},"end":{"line":22,"column":56}},"6":{"start":{"line":26,"column":0},"end":{"line":26,"column":40}}},"fnMap":{"0":{"name":"(anonymous_0)","decl":{"start":{"line":5,"column":4},"end":{"line":5,"column":5}},"loc":{"start":{"line":5,"column":42},"end":{"line":7,"column":5}},"line":5},"1":{"name":"(anonymous_1)","decl":{"start":{"line":9,"column":4},"end":{"line":9,"column":5}},"loc":{"start":{"line":9,"column":27},"end":{"line":11,"column":5}},"line":9},"2":{"name":"(anonymous_2)","decl":{"start":{"line":13,"column":4},"end":{"line":13,"column":5}},"loc":{"start":{"line":13,"column":50},"end":{"line":15,"column":5}},"line":13},"3":{"name":"(anonymous_3)","decl":{"start":{"line":17,"column":4},"end":{"line":17,"column":5}},"loc":{"start":{"line":17,"column":57},"end":{"line":19,"column":5}},"line":17},"4":{"name":"(anonymous_4)","decl":{"start":{"line":21,"column":4},"end":{"line":21,"column":5}},"loc":{"start":{"line":21,"column":40},"end":{"line":23,"column":5}},"line":21}},"branchMap":{},"s":{"0":2,"1":1,"2":1,"3":1,"4":1,"5":1,"6":2},"f":{"0":1,"1":1,"2":1,"3":1,"4":1},"b":{},"_coverageSchema":"1a1c01bbd47fc00a2c39e90264f33305004495a9","hash":"3252dc374fc40beb471b3c2f9a921454e8fad19e"}
,"/home/familia/Área de trabalho/sisrepo/src/repositories/SchedulesRepository.js": {"path":"/home/familia/Área de trabalho/sisrepo/src/repositories/SchedulesRepository.js","statementMap":{"0":{"start":{"line":1,"column":23},"end":{"line":1,"column":58}},"1":{"start":{"line":5,"column":8},"end":{"line":5,"column":52}},"2":{"start":{"line":9,"column":8},"end":{"line":9,"column":40}},"3":{"start":{"line":13,"column":8},"end":{"line":13,"column":51}},"4":{"start":{"line":17,"column":8},"end":{"line":17,"column":63}},"5":{"start":{"line":21,"column":8},"end":{"line":21,"column":50}},"6":{"start":{"line":25,"column":8},"end":{"line":25,"column":49}},"7":{"start":{"line":29,"column":8},"end":{"line":29,"column":57}},"8":{"start":{"line":33,"column":8},"end":{"line":33,"column":70}},"9":{"start":{"line":37,"column":8},"end":{"line":37,"column":65}},"10":{"start":{"line":41,"column":0},"end":{"line":41,"column":37}}},"fnMap":{"0":{"name":"(anonymous_0)","decl":{"start":{"line":4,"column":4},"end":{"line":4,"column":5}},"loc":{"start":{"line":4,"column":39},"end":{"line":6,"column":5}},"line":4},"1":{"name":"(anonymous_1)","decl":{"start":{"line":8,"column":4},"end":{"line":8,"column":5}},"loc":{"start":{"line":8,"column":27},"end":{"line":10,"column":5}},"line":8},"2":{"name":"(anonymous_2)","decl":{"start":{"line":12,"column":4},"end":{"line":12,"column":5}},"loc":{"start":{"line":12,"column":38},"end":{"line":14,"column":5}},"line":12},"3":{"name":"(anonymous_3)","decl":{"start":{"line":16,"column":4},"end":{"line":16,"column":5}},"loc":{"start":{"line":16,"column":51},"end":{"line":18,"column":5}},"line":16},"4":{"name":"(anonymous_4)","decl":{"start":{"line":20,"column":4},"end":{"line":20,"column":5}},"loc":{"start":{"line":20,"column":37},"end":{"line":22,"column":5}},"line":20},"5":{"name":"(anonymous_5)","decl":{"start":{"line":24,"column":4},"end":{"line":24,"column":5}},"loc":{"start":{"line":24,"column":36},"end":{"line":26,"column":5}},"line":24},"6":{"name":"(anonymous_6)","decl":{"start":{"line":28,"column":4},"end":{"line":28,"column":5}},"loc":{"start":{"line":28,"column":44},"end":{"line":30,"column":5}},"line":28},"7":{"name":"(anonymous_7)","decl":{"start":{"line":32,"column":4},"end":{"line":32,"column":5}},"loc":{"start":{"line":32,"column":58},"end":{"line":34,"column":5}},"line":32},"8":{"name":"(anonymous_8)","decl":{"start":{"line":36,"column":4},"end":{"line":36,"column":5}},"loc":{"start":{"line":36,"column":52},"end":{"line":38,"column":5}},"line":36}},"branchMap":{},"s":{"0":2,"1":1,"2":1,"3":1,"4":1,"5":1,"6":1,"7":1,"8":1,"9":1,"10":2},"f":{"0":1,"1":1,"2":1,"3":1,"4":1,"5":1,"6":1,"7":1,"8":1},"b":{},"_coverageSchema":"1a1c01bbd47fc00a2c39e90264f33305004495a9","hash":"b8735037f8b6ab916c300df768e3798a70ace628"}
,"/home/familia/Área de trabalho/sisrepo/src/repositories/StudentsRepository.js": {"path":"/home/familia/Área de trabalho/sisrepo/src/repositories/StudentsRepository.js","statementMap":{"0":{"start":{"line":1,"column":22},"end":{"line":1,"column":56}},"1":{"start":{"line":5,"column":8},"end":{"line":5,"column":50}},"2":{"start":{"line":9,"column":8},"end":{"line":9,"column":39}},"3":{"start":{"line":13,"column":8},"end":{"line":13,"column":58}},"4":{"start":{"line":17,"column":8},"end":{"line":17,"column":70}},"5":{"start":{"line":21,"column":8},"end":{"line":21,"column":48}},"6":{"start":{"line":25,"column":8},"end":{"line":25,"column":48}},"7":{"start":{"line":29,"column":8},"end":{"line":29,"column":44}},"8":{"start":{"line":33,"column":8},"end":{"line":33,"column":72}},"9":{"start":{"line":37,"column":0},"end":{"line":37,"column":36}}},"fnMap":{"0":{"name":"(anonymous_0)","decl":{"start":{"line":4,"column":4},"end":{"line":4,"column":5}},"loc":{"start":{"line":4,"column":38},"end":{"line":6,"column":5}},"line":4},"1":{"name":"(anonymous_1)","decl":{"start":{"line":8,"column":4},"end":{"line":8,"column":5}},"loc":{"start":{"line":8,"column":27},"end":{"line":10,"column":5}},"line":8},"2":{"name":"(anonymous_2)","decl":{"start":{"line":12,"column":4},"end":{"line":12,"column":5}},"loc":{"start":{"line":12,"column":46},"end":{"line":14,"column":5}},"line":12},"3":{"name":"(anonymous_3)","decl":{"start":{"line":16,"column":4},"end":{"line":16,"column":5}},"loc":{"start":{"line":16,"column":58},"end":{"line":18,"column":5}},"line":16},"4":{"name":"(anonymous_4)","decl":{"start":{"line":20,"column":4},"end":{"line":20,"column":5}},"loc":{"start":{"line":20,"column":36},"end":{"line":22,"column":5}},"line":20},"5":{"name":"(anonymous_5)","decl":{"start":{"line":24,"column":4},"end":{"line":24,"column":5}},"loc":{"start":{"line":24,"column":36},"end":{"line":26,"column":5}},"line":24},"6":{"name":"(anonymous_6)","decl":{"start":{"line":28,"column":4},"end":{"line":28,"column":5}},"loc":{"start":{"line":28,"column":32},"end":{"line":30,"column":5}},"line":28},"7":{"name":"(anonymous_7)","decl":{"start":{"line":32,"column":4},"end":{"line":32,"column":5}},"loc":{"start":{"line":32,"column":60},"end":{"line":34,"column":5}},"line":32}},"branchMap":{},"s":{"0":2,"1":1,"2":1,"3":1,"4":1,"5":1,"6":1,"7":1,"8":1,"9":2},"f":{"0":1,"1":1,"2":1,"3":1,"4":1,"5":1,"6":1,"7":1},"b":{},"_coverageSchema":"1a1c01bbd47fc00a2c39e90264f33305004495a9","hash":"6c1440c252c4f1f11b66781f5c59a09348672459"}
,"/home/familia/Área de trabalho/sisrepo/src/repositories/UserRepository.js": {"path":"/home/familia/Área de trabalho/sisrepo/src/repositories/UserRepository.js","statementMap":{"0":{"start":{"line":1,"column":18},"end":{"line":1,"column":48}},"1":{"start":{"line":6,"column":8},"end":{"line":6,"column":43}},"2":{"start":{"line":10,"column":8},"end":{"line":10,"column":35}},"3":{"start":{"line":14,"column":8},"end":{"line":14,"column":42}},"4":{"start":{"line":18,"column":8},"end":{"line":18,"column":51}},"5":{"start":{"line":22,"column":8},"end":{"line":22,"column":40}},"6":{"start":{"line":26,"column":8},"end":{"line":26,"column":44}},"7":{"start":{"line":30,"column":8},"end":{"line":30,"column":50}},"8":{"start":{"line":34,"column":8},"end":{"line":34,"column":55}},"9":{"start":{"line":38,"column":0},"end":{"line":38,"column":32}}},"fnMap":{"0":{"name":"(anonymous_0)","decl":{"start":{"line":5,"column":4},"end":{"line":5,"column":5}},"loc":{"start":{"line":5,"column":35},"end":{"line":7,"column":5}},"line":5},"1":{"name":"(anonymous_1)","decl":{"start":{"line":9,"column":4},"end":{"line":9,"column":5}},"loc":{"start":{"line":9,"column":27},"end":{"line":11,"column":5}},"line":9},"2":{"name":"(anonymous_2)","decl":{"start":{"line":13,"column":4},"end":{"line":13,"column":5}},"loc":{"start":{"line":13,"column":34},"end":{"line":15,"column":5}},"line":13},"3":{"name":"(anonymous_3)","decl":{"start":{"line":17,"column":4},"end":{"line":17,"column":5}},"loc":{"start":{"line":17,"column":43},"end":{"line":19,"column":5}},"line":17},"4":{"name":"(anonymous_4)","decl":{"start":{"line":21,"column":4},"end":{"line":21,"column":5}},"loc":{"start":{"line":21,"column":33},"end":{"line":23,"column":5}},"line":21},"5":{"name":"(anonymous_5)","decl":{"start":{"line":25,"column":4},"end":{"line":25,"column":5}},"loc":{"start":{"line":25,"column":36},"end":{"line":27,"column":5}},"line":25},"6":{"name":"(anonymous_6)","decl":{"start":{"line":29,"column":4},"end":{"line":29,"column":5}},"loc":{"start":{"line":29,"column":42},"end":{"line":31,"column":5}},"line":29},"7":{"name":"(anonymous_7)","decl":{"start":{"line":33,"column":4},"end":{"line":33,"column":5}},"loc":{"start":{"line":33,"column":47},"end":{"line":35,"column":5}},"line":33}},"branchMap":{},"s":{"0":1,"1":1,"2":1,"3":1,"4":1,"5":1,"6":1,"7":1,"8":1,"9":1},"f":{"0":1,"1":1,"2":1,"3":1,"4":1,"5":1,"6":1,"7":1},"b":{},"_coverageSchema":"1a1c01bbd47fc00a2c39e90264f33305004495a9","hash":"d99dc04c31433a0591e9e268fdeb7a3d13532fa4"}
,"/home/familia/Área de trabalho/sisrepo/src/services/ReplacementsService.js": {"path":"/home/familia/Área de trabalho/sisrepo/src/services/ReplacementsService.js","statementMap":{"0":{"start":{"line":1,"column":31},"end":{"line":1,"column":80}},"1":{"start":{"line":6,"column":8},"end":{"line":6,"column":63}},"2":{"start":{"line":10,"column":8},"end":{"line":10,"column":48}},"3":{"start":{"line":14,"column":8},"end":{"line":14,"column":62}},"4":{"start":{"line":18,"column":8},"end":{"line":18,"column":78}},"5":{"start":{"line":22,"column":8},"end":{"line":22,"column":61}},"6":{"start":{"line":26,"column":0},"end":{"line":26,"column":36}}},"fnMap":{"0":{"name":"(anonymous_0)","decl":{"start":{"line":5,"column":4},"end":{"line":5,"column":5}},"loc":{"start":{"line":5,"column":42},"end":{"line":7,"column":5}},"line":5},"1":{"name":"(anonymous_1)","decl":{"start":{"line":9,"column":4},"end":{"line":9,"column":5}},"loc":{"start":{"line":9,"column":27},"end":{"line":11,"column":5}},"line":9},"2":{"name":"(anonymous_2)","decl":{"start":{"line":13,"column":4},"end":{"line":13,"column":5}},"loc":{"start":{"line":13,"column":41},"end":{"line":15,"column":5}},"line":13},"3":{"name":"(anonymous_3)","decl":{"start":{"line":17,"column":4},"end":{"line":17,"column":5}},"loc":{"start":{"line":17,"column":57},"end":{"line":19,"column":5}},"line":17},"4":{"name":"(anonymous_4)","decl":{"start":{"line":21,"column":4},"end":{"line":21,"column":5}},"loc":{"start":{"line":21,"column":40},"end":{"line":23,"column":5}},"line":21}},"branchMap":{},"s":{"0":2,"1":1,"2":1,"3":1,"4":1,"5":1,"6":2},"f":{"0":1,"1":1,"2":1,"3":1,"4":1},"b":{},"_coverageSchema":"1a1c01bbd47fc00a2c39e90264f33305004495a9","hash":"7d7b529f16b2c43520958852454219e64c3244b2"}
,"/home/familia/Área de trabalho/sisrepo/src/services/SchedulesService.js": {"path":"/home/familia/Área de trabalho/sisrepo/src/services/SchedulesService.js","statementMap":{"0":{"start":{"line":1,"column":27},"end":{"line":1,"column":73}},"1":{"start":{"line":7,"column":41},"end":{"line":7,"column":53}},"2":{"start":{"line":9,"column":33},"end":{"line":9,"column":98}},"3":{"start":{"line":11,"column":8},"end":{"line":13,"column":9}},"4":{"start":{"line":12,"column":12},"end":{"line":12,"column":80}},"5":{"start":{"line":15,"column":26},"end":{"line":15,"column":77}},"6":{"start":{"line":17,"column":8},"end":{"line":19,"column":9}},"7":{"start":{"line":18,"column":12},"end":{"line":18,"column":92}},"8":{"start":{"line":21,"column":8},"end":{"line":21,"column":55}},"9":{"start":{"line":25,"column":8},"end":{"line":25,"column":67}},"10":{"start":{"line":29,"column":8},"end":{"line":29,"column":54}},"11":{"start":{"line":33,"column":8},"end":{"line":33,"column":56}},"12":{"start":{"line":37,"column":8},"end":{"line":37,"column":44}},"13":{"start":{"line":41,"column":8},"end":{"line":41,"column":53}},"14":{"start":{"line":45,"column":8},"end":{"line":45,"column":49}},"15":{"start":{"line":49,"column":8},"end":{"line":49,"column":53}},"16":{"start":{"line":53,"column":0},"end":{"line":53,"column":34}}},"fnMap":{"0":{"name":"(anonymous_0)","decl":{"start":{"line":5,"column":4},"end":{"line":5,"column":5}},"loc":{"start":{"line":5,"column":38},"end":{"line":22,"column":5}},"line":5},"1":{"name":"(anonymous_1)","decl":{"start":{"line":24,"column":4},"end":{"line":24,"column":5}},"loc":{"start":{"line":24,"column":51},"end":{"line":26,"column":5}},"line":24},"2":{"name":"(anonymous_2)","decl":{"start":{"line":28,"column":4},"end":{"line":28,"column":5}},"loc":{"start":{"line":28,"column":37},"end":{"line":30,"column":5}},"line":28},"3":{"name":"(anonymous_3)","decl":{"start":{"line":32,"column":4},"end":{"line":32,"column":5}},"loc":{"start":{"line":32,"column":39},"end":{"line":34,"column":5}},"line":32},"4":{"name":"(anonymous_4)","decl":{"start":{"line":36,"column":4},"end":{"line":36,"column":5}},"loc":{"start":{"line":36,"column":27},"end":{"line":38,"column":5}},"line":36},"5":{"name":"(anonymous_5)","decl":{"start":{"line":40,"column":4},"end":{"line":40,"column":5}},"loc":{"start":{"line":40,"column":36},"end":{"line":42,"column":5}},"line":40},"6":{"name":"(anonymous_6)","decl":{"start":{"line":44,"column":4},"end":{"line":44,"column":5}},"loc":{"start":{"line":44,"column":32},"end":{"line":46,"column":5}},"line":44},"7":{"name":"(anonymous_7)","decl":{"start":{"line":48,"column":4},"end":{"line":48,"column":5}},"loc":{"start":{"line":48,"column":36},"end":{"line":50,"column":5}},"line":48}},"branchMap":{"0":{"loc":{"start":{"line":11,"column":8},"end":{"line":13,"column":9}},"type":"if","locations":[{"start":{"line":11,"column":8},"end":{"line":13,"column":9}},{"start":{},"end":{}}],"line":11},"1":{"loc":{"start":{"line":17,"column":8},"end":{"line":19,"column":9}},"type":"if","locations":[{"start":{"line":17,"column":8},"end":{"line":19,"column":9}},{"start":{},"end":{}}],"line":17}},"s":{"0":2,"1":3,"2":3,"3":3,"4":1,"5":2,"6":2,"7":1,"8":1,"9":1,"10":1,"11":1,"12":1,"13":1,"14":1,"15":1,"16":2},"f":{"0":3,"1":1,"2":1,"3":1,"4":1,"5":1,"6":1,"7":1},"b":{"0":[1,2],"1":[1,1]},"_coverageSchema":"1a1c01bbd47fc00a2c39e90264f33305004495a9","hash":"1693b6c736e1268e935778a075efbeb5c6742bda"}
,"/home/familia/Área de trabalho/sisrepo/src/services/StudentsService.js": {"path":"/home/familia/Área de trabalho/sisrepo/src/services/StudentsService.js","statementMap":{"0":{"start":{"line":1,"column":27},"end":{"line":1,"column":72}},"1":{"start":{"line":7,"column":24},"end":{"line":7,"column":49}},"2":{"start":{"line":9,"column":8},"end":{"line":11,"column":9}},"3":{"start":{"line":10,"column":12},"end":{"line":10,"column":46}},"4":{"start":{"line":13,"column":35},"end":{"line":13,"column":56}},"5":{"start":{"line":15,"column":8},"end":{"line":17,"column":9}},"6":{"start":{"line":16,"column":12},"end":{"line":16,"column":73}},"7":{"start":{"line":19,"column":8},"end":{"line":19,"column":23}},"8":{"start":{"line":24,"column":20},"end":{"line":24,"column":35}},"9":{"start":{"line":26,"column":26},"end":{"line":26,"column":37}},"10":{"start":{"line":28,"column":8},"end":{"line":30,"column":9}},"11":{"start":{"line":29,"column":12},"end":{"line":29,"column":73}},"12":{"start":{"line":32,"column":28},"end":{"line":32,"column":47}},"13":{"start":{"line":34,"column":32},"end":{"line":34,"column":69}},"14":{"start":{"line":36,"column":8},"end":{"line":38,"column":9}},"15":{"start":{"line":37,"column":12},"end":{"line":37,"column":82}},"16":{"start":{"line":40,"column":28},"end":{"line":48,"column":9}},"17":{"start":{"line":50,"column":27},"end":{"line":50,"column":80}},"18":{"start":{"line":52,"column":8},"end":{"line":52,"column":26}},"19":{"start":{"line":58,"column":20},"end":{"line":58,"column":35}},"20":{"start":{"line":60,"column":26},"end":{"line":60,"column":37}},"21":{"start":{"line":62,"column":28},"end":{"line":62,"column":47}},"22":{"start":{"line":64,"column":29},"end":{"line":68,"column":9}},"23":{"start":{"line":70,"column":8},"end":{"line":70,"column":76}},"24":{"start":{"line":74,"column":8},"end":{"line":74,"column":53}},"25":{"start":{"line":78,"column":8},"end":{"line":78,"column":55}},"26":{"start":{"line":82,"column":8},"end":{"line":82,"column":44}},"27":{"start":{"line":86,"column":8},"end":{"line":86,"column":53}},"28":{"start":{"line":90,"column":8},"end":{"line":90,"column":49}},"29":{"start":{"line":94,"column":0},"end":{"line":94,"column":33}}},"fnMap":{"0":{"name":"(anonymous_0)","decl":{"start":{"line":5,"column":4},"end":{"line":5,"column":5}},"loc":{"start":{"line":5,"column":47},"end":{"line":20,"column":5}},"line":5},"1":{"name":"(anonymous_1)","decl":{"start":{"line":22,"column":4},"end":{"line":22,"column":5}},"loc":{"start":{"line":22,"column":46},"end":{"line":54,"column":5}},"line":22},"2":{"name":"(anonymous_2)","decl":{"start":{"line":56,"column":4},"end":{"line":56,"column":5}},"loc":{"start":{"line":56,"column":58},"end":{"line":71,"column":5}},"line":56},"3":{"name":"(anonymous_3)","decl":{"start":{"line":73,"column":4},"end":{"line":73,"column":5}},"loc":{"start":{"line":73,"column":36},"end":{"line":75,"column":5}},"line":73},"4":{"name":"(anonymous_4)","decl":{"start":{"line":77,"column":4},"end":{"line":77,"column":5}},"loc":{"start":{"line":77,"column":38},"end":{"line":79,"column":5}},"line":77},"5":{"name":"(anonymous_5)","decl":{"start":{"line":81,"column":4},"end":{"line":81,"column":5}},"loc":{"start":{"line":81,"column":27},"end":{"line":83,"column":5}},"line":81},"6":{"name":"(anonymous_6)","decl":{"start":{"line":85,"column":4},"end":{"line":85,"column":5}},"loc":{"start":{"line":85,"column":36},"end":{"line":87,"column":5}},"line":85},"7":{"name":"(anonymous_7)","decl":{"start":{"line":89,"column":4},"end":{"line":89,"column":5}},"loc":{"start":{"line":89,"column":32},"end":{"line":91,"column":5}},"line":89}},"branchMap":{"0":{"loc":{"start":{"line":9,"column":8},"end":{"line":11,"column":9}},"type":"if","locations":[{"start":{"line":9,"column":8},"end":{"line":11,"column":9}},{"start":{},"end":{}}],"line":9},"1":{"loc":{"start":{"line":15,"column":8},"end":{"line":17,"column":9}},"type":"if","locations":[{"start":{"line":15,"column":8},"end":{"line":17,"column":9}},{"start":{},"end":{}}],"line":15},"2":{"loc":{"start":{"line":28,"column":8},"end":{"line":30,"column":9}},"type":"if","locations":[{"start":{"line":28,"column":8},"end":{"line":30,"column":9}},{"start":{},"end":{}}],"line":28},"3":{"loc":{"start":{"line":28,"column":11},"end":{"line":28,"column":42}},"type":"binary-expr","locations":[{"start":{"line":28,"column":11},"end":{"line":28,"column":15}},{"start":{"line":28,"column":19},"end":{"line":28,"column":42}}],"line":28},"4":{"loc":{"start":{"line":36,"column":8},"end":{"line":38,"column":9}},"type":"if","locations":[{"start":{"line":36,"column":8},"end":{"line":38,"column":9}},{"start":{},"end":{}}],"line":36}},"s":{"0":2,"1":3,"2":3,"3":1,"4":2,"5":2,"6":1,"7":1,"8":4,"9":4,"10":4,"11":2,"12":2,"13":2,"14":2,"15":1,"16":1,"17":1,"18":1,"19":2,"20":2,"21":2,"22":2,"23":2,"24":1,"25":1,"26":1,"27":1,"28":1,"29":2},"f":{"0":3,"1":4,"2":2,"3":1,"4":1,"5":1,"6":1,"7":1},"b":{"0":[1,2],"1":[1,1],"2":[2,2],"3":[4,3],"4":[1,1]},"_coverageSchema":"1a1c01bbd47fc00a2c39e90264f33305004495a9","hash":"7027dab14c103fd19ede2b09a4c6c9196e81fe23"}
,"/home/familia/Área de trabalho/sisrepo/src/services/UserService.js": {"path":"/home/familia/Área de trabalho/sisrepo/src/services/UserService.js","statementMap":{"0":{"start":{"line":1,"column":23},"end":{"line":1,"column":64}},"1":{"start":{"line":2,"column":15},"end":{"line":2,"column":32}},"2":{"start":{"line":8,"column":21},"end":{"line":8,"column":50}},"3":{"start":{"line":10,"column":8},"end":{"line":12,"column":9}},"4":{"start":{"line":11,"column":12},"end":{"line":11,"column":66}},"5":{"start":{"line":14,"column":30},"end":{"line":14,"column":75}},"6":{"start":{"line":16,"column":8},"end":{"line":18,"column":9}},"7":{"start":{"line":17,"column":12},"end":{"line":17,"column":66}},"8":{"start":{"line":20,"column":56},"end":{"line":20,"column":60}},"9":{"start":{"line":21,"column":12},"end":{"line":21,"column":39}},"10":{"start":{"line":26,"column":29},"end":{"line":26,"column":67}},"11":{"start":{"line":28,"column":8},"end":{"line":30,"column":9}},"12":{"start":{"line":29,"column":12},"end":{"line":29,"column":67}},"13":{"start":{"line":32,"column":38},"end":{"line":32,"column":46}},"14":{"start":{"line":34,"column":30},"end":{"line":34,"column":61}},"15":{"start":{"line":36,"column":27},"end":{"line":36,"column":63}},"16":{"start":{"line":38,"column":8},"end":{"line":38,"column":49}},"17":{"start":{"line":43,"column":8},"end":{"line":45,"column":9}},"18":{"start":{"line":44,"column":12},"end":{"line":44,"column":73}},"19":{"start":{"line":47,"column":8},"end":{"line":47,"column":56}},"20":{"start":{"line":51,"column":8},"end":{"line":51,"column":46}},"21":{"start":{"line":55,"column":8},"end":{"line":55,"column":48}},"22":{"start":{"line":59,"column":8},"end":{"line":59,"column":40}},"23":{"start":{"line":63,"column":8},"end":{"line":63,"column":49}},"24":{"start":{"line":67,"column":0},"end":{"line":67,"column":29}}},"fnMap":{"0":{"name":"(anonymous_0)","decl":{"start":{"line":7,"column":4},"end":{"line":7,"column":5}},"loc":{"start":{"line":7,"column":47},"end":{"line":22,"column":5}},"line":7},"1":{"name":"(anonymous_1)","decl":{"start":{"line":24,"column":4},"end":{"line":24,"column":5}},"loc":{"start":{"line":24,"column":34},"end":{"line":40,"column":5}},"line":24},"2":{"name":"(anonymous_2)","decl":{"start":{"line":42,"column":4},"end":{"line":42,"column":5}},"loc":{"start":{"line":42,"column":43},"end":{"line":48,"column":5}},"line":42},"3":{"name":"(anonymous_3)","decl":{"start":{"line":50,"column":4},"end":{"line":50,"column":5}},"loc":{"start":{"line":50,"column":33},"end":{"line":52,"column":5}},"line":50},"4":{"name":"(anonymous_4)","decl":{"start":{"line":54,"column":4},"end":{"line":54,"column":5}},"loc":{"start":{"line":54,"column":35},"end":{"line":56,"column":5}},"line":54},"5":{"name":"(anonymous_5)","decl":{"start":{"line":58,"column":4},"end":{"line":58,"column":5}},"loc":{"start":{"line":58,"column":27},"end":{"line":60,"column":5}},"line":58},"6":{"name":"(anonymous_6)","decl":{"start":{"line":62,"column":4},"end":{"line":62,"column":5}},"loc":{"start":{"line":62,"column":36},"end":{"line":64,"column":5}},"line":62}},"branchMap":{"0":{"loc":{"start":{"line":10,"column":8},"end":{"line":12,"column":9}},"type":"if","locations":[{"start":{"line":10,"column":8},"end":{"line":12,"column":9}},{"start":{},"end":{}}],"line":10},"1":{"loc":{"start":{"line":16,"column":8},"end":{"line":18,"column":9}},"type":"if","locations":[{"start":{"line":16,"column":8},"end":{"line":18,"column":9}},{"start":{},"end":{}}],"line":16},"2":{"loc":{"start":{"line":28,"column":8},"end":{"line":30,"column":9}},"type":"if","locations":[{"start":{"line":28,"column":8},"end":{"line":30,"column":9}},{"start":{},"end":{}}],"line":28},"3":{"loc":{"start":{"line":43,"column":8},"end":{"line":45,"column":9}},"type":"if","locations":[{"start":{"line":43,"column":8},"end":{"line":45,"column":9}},{"start":{},"end":{}}],"line":43}},"s":{"0":1,"1":1,"2":3,"3":3,"4":1,"5":2,"6":2,"7":1,"8":1,"9":1,"10":2,"11":2,"12":1,"13":1,"14":1,"15":1,"16":1,"17":2,"18":1,"19":2,"20":1,"21":1,"22":1,"23":1,"24":1},"f":{"0":3,"1":2,"2":2,"3":1,"4":1,"5":1,"6":1},"b":{"0":[1,2],"1":[1,1],"2":[1,1],"3":[1,1]},"_coverageSchema":"1a1c01bbd47fc00a2c39e90264f33305004495a9","hash":"9fb694fa767cad0c51fb3478c679509ca324dc70"}
}
