TN:
SF:knexfile.js
FNF:0
FNH:0
DA:2,1
DA:7,1
LF:2
LH:2
BRDA:13,0,0,1
BRDA:13,0,1,1
BRDA:14,1,0,1
BRDA:14,1,1,1
BRF:4
BRH:4
end_of_record
TN:
SF:src/knex.js
FNF:0
FNH:0
DA:1,1
DA:2,1
DA:3,1
DA:5,1
DA:7,1
LF:5
LH:5
BRDA:3,0,0,1
BRDA:3,0,1,0
BRF:2
BRH:1
end_of_record
TN:
SF:src/controllers/replacementsController.js
FN:3,getAll
FN:20,getById
FN:42,postReplacement
FN:76,putReplacement
FN:107,deleteReplacement
FNF:5
FNH:5
FNDA:2,getAll
FNDA:4,getById
FNDA:4,postReplacement
FNDA:4,putReplacement
FNDA:4,deleteReplacement
DA:1,1
DA:4,2
DA:6,2
DA:8,1
DA:9,0
DA:12,1
DA:15,1
DA:16,1
DA:21,4
DA:22,4
DA:24,4
DA:25,1
DA:28,3
DA:30,2
DA:31,1
DA:34,1
DA:37,1
DA:38,1
DA:44,4
DA:46,4
DA:48,4
DA:50,4
DA:51,2
DA:57,2
DA:66,2
DA:68,1
DA:71,1
DA:72,1
DA:77,4
DA:78,4
DA:79,4
DA:81,4
DA:82,1
DA:85,3
DA:87,3
DA:88,3
DA:89,3
DA:90,3
DA:91,3
DA:93,3
DA:95,2
DA:96,1
DA:99,1
DA:102,1
DA:103,1
DA:108,4
DA:110,4
DA:112,4
DA:113,1
DA:116,3
DA:118,2
DA:119,1
DA:122,1
DA:125,1
DA:126,1
DA:130,1
LF:56
LH:55
BRDA:8,0,0,0
BRDA:8,0,1,1
BRDA:8,1,0,1
BRDA:8,1,1,0
BRDA:24,2,0,1
BRDA:24,2,1,3
BRDA:30,3,0,1
BRDA:30,3,1,1
BRDA:50,4,0,2
BRDA:50,4,1,2
BRDA:50,5,0,4
BRDA:50,5,1,3
BRDA:50,5,2,3
BRDA:50,5,3,2
BRDA:50,5,4,2
BRDA:81,6,0,1
BRDA:81,6,1,3
BRDA:87,7,0,0
BRDA:87,7,1,3
BRDA:88,8,0,0
BRDA:88,8,1,3
BRDA:89,9,0,3
BRDA:89,9,1,0
BRDA:90,10,0,3
BRDA:90,10,1,0
BRDA:91,11,0,0
BRDA:91,11,1,3
BRDA:95,12,0,1
BRDA:95,12,1,1
BRDA:112,13,0,1
BRDA:112,13,1,3
BRDA:118,14,0,1
BRDA:118,14,1,1
BRF:33
BRH:26
end_of_record
TN:
SF:src/controllers/schedulesController.js
FN:3,getSchedule
FN:21,getAll
FN:33,postSchedule
FN:64,putSchedule
FN:99,delSchedule
FNF:5
FNH:5
FNDA:3,getSchedule
FNDA:2,getAll
FNDA:4,postSchedule
FNDA:5,putSchedule
FNDA:4,delSchedule
DA:1,1
DA:4,3
DA:5,3
DA:7,3
DA:9,2
DA:10,1
DA:13,1
DA:16,1
DA:17,1
DA:22,2
DA:23,2
DA:25,1
DA:28,1
DA:29,1
DA:34,4
DA:36,4
DA:37,4
DA:39,4
DA:40,1
DA:43,3
DA:44,1
DA:47,2
DA:54,2
DA:56,1
DA:59,1
DA:60,1
DA:65,5
DA:67,5
DA:68,5
DA:70,5
DA:71,1
DA:75,4
DA:77,4
DA:78,4
DA:79,4
DA:81,4
DA:82,1
DA:85,3
DA:87,2
DA:88,1
DA:91,1
DA:94,1
DA:95,1
DA:100,4
DA:101,4
DA:103,4
DA:104,1
DA:107,3
DA:109,2
DA:110,1
DA:113,1
DA:116,1
DA:117,1
DA:121,1
LF:54
LH:54
BRDA:9,0,0,1
BRDA:9,0,1,1
BRDA:36,1,0,3
BRDA:36,1,1,1
BRDA:39,2,0,1
BRDA:39,2,1,3
BRDA:43,3,0,1
BRDA:43,3,1,2
BRDA:43,4,0,3
BRDA:43,4,1,3
BRDA:43,4,2,3
BRDA:70,5,0,1
BRDA:70,5,1,4
BRDA:77,6,0,0
BRDA:77,6,1,4
BRDA:78,7,0,3
BRDA:78,7,1,1
BRDA:79,8,0,3
BRDA:79,8,1,1
BRDA:81,9,0,1
BRDA:81,9,1,3
BRDA:87,10,0,1
BRDA:87,10,1,1
BRDA:103,11,0,1
BRDA:103,11,1,3
BRDA:109,12,0,1
BRDA:109,12,1,1
BRF:27
BRH:26
end_of_record
TN:
SF:src/controllers/studentsController.js
FN:3,getAll
FN:15,getId
FN:37,postStudent
FN:61,putStudent
FN:91,deleteStudent
FNF:5
FNH:5
FNDA:2,getAll
FNDA:4,getId
FNDA:3,postStudent
FNDA:6,putStudent
FNDA:2,deleteStudent
DA:1,1
DA:4,2
DA:5,2
DA:7,1
DA:10,1
DA:11,1
DA:16,4
DA:17,4
DA:19,4
DA:20,1
DA:23,3
DA:25,2
DA:26,1
DA:29,1
DA:32,1
DA:33,1
DA:38,3
DA:39,3
DA:41,3
DA:43,3
DA:45,3
DA:51,3
DA:53,2
DA:56,1
DA:57,1
DA:62,6
DA:63,6
DA:64,6
DA:66,6
DA:67,1
DA:70,5
DA:72,5
DA:74,5
DA:75,1
DA:78,4
DA:79,4
DA:81,4
DA:83,3
DA:86,1
DA:87,1
DA:92,2
DA:93,2
DA:95,2
DA:97,1
DA:100,1
DA:101,1
DA:105,1
LF:47
LH:47
BRDA:19,0,0,1
BRDA:19,0,1,3
BRDA:25,1,0,1
BRDA:25,1,1,1
BRDA:66,2,0,1
BRDA:66,2,1,5
BRDA:74,3,0,1
BRDA:74,3,1,4
BRDA:78,4,0,3
BRDA:78,4,1,1
BRDA:79,5,0,2
BRDA:79,5,1,2
BRF:12
BRH:12
end_of_record
TN:
SF:src/controllers/userController.js
FN:7,loginUser
FN:37,getId
FN:55,getAll
FN:68,postUser
FN:84,putUser
FNF:5
FNH:1
FNDA:4,loginUser
FNDA:0,getId
FNDA:0,getAll
FNDA:0,postUser
FNDA:0,putUser
DA:1,1
DA:2,1
DA:3,1
DA:5,1
DA:8,4
DA:9,4
DA:11,4
DA:12,1
DA:15,3
DA:16,1
DA:20,1
DA:26,1
DA:29,2
DA:30,1
DA:33,1
DA:38,0
DA:39,0
DA:41,0
DA:43,0
DA:44,0
DA:47,0
DA:50,0
DA:51,0
DA:56,0
DA:58,0
DA:60,0
DA:63,0
DA:64,0
DA:69,0
DA:70,0
DA:72,0
DA:74,0
DA:76,0
DA:79,0
DA:80,0
DA:86,0
DA:88,0
DA:89,0
DA:91,0
DA:92,0
DA:95,0
DA:97,0
DA:98,0
DA:99,0
DA:100,0
DA:102,0
DA:103,0
DA:106,0
DA:108,0
DA:111,0
DA:112,0
DA:117,1
LF:52
LH:16
BRDA:11,0,0,1
BRDA:11,0,1,3
BRDA:11,1,0,4
BRDA:11,1,1,3
BRDA:29,2,0,1
BRDA:29,2,1,1
BRDA:43,3,0,0
BRDA:43,3,1,0
BRDA:91,4,0,0
BRDA:91,4,1,0
BRDA:97,5,0,0
BRDA:97,5,1,0
BRDA:98,6,0,0
BRDA:98,6,1,0
BRDA:99,7,0,0
BRDA:99,7,1,0
BRDA:100,8,0,0
BRDA:100,8,1,0
BRDA:102,9,0,0
BRDA:102,9,1,0
BRF:20
BRH:6
end_of_record
TN:
SF:src/models/ReplacementsModel.js
FN:5,(anonymous_0)
FN:11,(anonymous_1)
FN:16,(anonymous_2)
FN:24,(anonymous_3)
FN:33,(anonymous_4)
FNF:5
FNH:5
FNDA:1,(anonymous_0)
FNDA:1,(anonymous_1)
FNDA:1,(anonymous_2)
FNDA:1,(anonymous_3)
FNDA:1,(anonymous_4)
DA:1,2
DA:2,2
DA:6,1
DA:12,1
DA:17,1
DA:21,1
DA:26,1
DA:30,1
DA:34,1
DA:40,2
LF:10
LH:10
BRF:0
BRH:0
end_of_record
TN:
SF:src/models/SchedulesModel.js
FN:5,(anonymous_0)
FN:11,(anonymous_1)
FN:16,(anonymous_2)
FN:24,(anonymous_3)
FN:37,(anonymous_4)
FN:43,(anonymous_5)
FN:49,(anonymous_6)
FN:58,(anonymous_7)
FN:64,(anonymous_8)
FNF:9
FNH:9
FNDA:1,(anonymous_0)
FNDA:1,(anonymous_1)
FNDA:1,(anonymous_2)
FNDA:1,(anonymous_3)
FNDA:1,(anonymous_4)
FNDA:1,(anonymous_5)
FNDA:1,(anonymous_6)
FNDA:1,(anonymous_7)
FNDA:1,(anonymous_8)
DA:1,2
DA:2,2
DA:6,1
DA:12,1
DA:17,1
DA:21,1
DA:25,1
DA:30,1
DA:34,1
DA:38,1
DA:44,1
DA:50,1
DA:55,1
DA:59,1
DA:65,1
DA:70,2
LF:16
LH:16
BRF:0
BRH:0
end_of_record
TN:
SF:src/models/StudentsModel.js
FN:5,(anonymous_0)
FN:11,(anonymous_1)
FN:16,(anonymous_2)
FN:24,(anonymous_3)
FN:32,(anonymous_4)
FN:38,(anonymous_5)
FN:44,(anonymous_6)
FN:50,(anonymous_7)
FNF:8
FNH:8
FNDA:1,(anonymous_0)
FNDA:1,(anonymous_1)
FNDA:1,(anonymous_2)
FNDA:1,(anonymous_3)
FNDA:1,(anonymous_4)
FNDA:1,(anonymous_5)
FNDA:1,(anonymous_6)
FNDA:1,(anonymous_7)
DA:1,2
DA:2,2
DA:6,1
DA:12,1
DA:18,1
DA:21,1
DA:25,1
DA:29,1
DA:33,1
DA:39,1
DA:45,1
DA:51,1
DA:57,2
LF:13
LH:13
BRF:0
BRH:0
end_of_record
TN:
SF:src/models/UserModel.js
FN:6,(anonymous_0)
FN:12,(anonymous_1)
FN:17,(anonymous_2)
FN:25,(anonymous_3)
FN:35,(anonymous_4)
FN:39,(anonymous_5)
FN:45,(anonymous_6)
FNF:7
FNH:7
FNDA:1,(anonymous_0)
FNDA:1,(anonymous_1)
FNDA:1,(anonymous_2)
FNDA:1,(anonymous_3)
FNDA:1,(anonymous_4)
FNDA:1,(anonymous_5)
FNDA:1,(anonymous_6)
DA:1,1
DA:2,1
DA:7,1
DA:13,1
DA:19,1
DA:22,1
DA:27,1
DA:32,1
DA:36,1
DA:40,1
DA:47,1
DA:52,1
LF:12
LH:12
BRF:0
BRH:0
end_of_record
TN:
SF:src/repositories/ReplacementsRepository.js
FN:5,(anonymous_0)
FN:9,(anonymous_1)
FN:13,(anonymous_2)
FN:17,(anonymous_3)
FN:21,(anonymous_4)
FNF:5
FNH:5
FNDA:1,(anonymous_0)
FNDA:1,(anonymous_1)
FNDA:1,(anonymous_2)
FNDA:1,(anonymous_3)
FNDA:1,(anonymous_4)
DA:1,2
DA:6,1
DA:10,1
DA:14,1
DA:18,1
DA:22,1
DA:26,2
LF:7
LH:7
BRF:0
BRH:0
end_of_record
TN:
SF:src/repositories/SchedulesRepository.js
FN:4,(anonymous_0)
FN:8,(anonymous_1)
FN:12,(anonymous_2)
FN:16,(anonymous_3)
FN:20,(anonymous_4)
FN:24,(anonymous_5)
FN:28,(anonymous_6)
FN:32,(anonymous_7)
FN:36,(anonymous_8)
FNF:9
FNH:9
FNDA:1,(anonymous_0)
FNDA:1,(anonymous_1)
FNDA:1,(anonymous_2)
FNDA:1,(anonymous_3)
FNDA:1,(anonymous_4)
FNDA:1,(anonymous_5)
FNDA:1,(anonymous_6)
FNDA:1,(anonymous_7)
FNDA:1,(anonymous_8)
DA:1,2
DA:5,1
DA:9,1
DA:13,1
DA:17,1
DA:21,1
DA:25,1
DA:29,1
DA:33,1
DA:37,1
DA:41,2
LF:11
LH:11
BRF:0
BRH:0
end_of_record
TN:
SF:src/repositories/StudentsRepository.js
FN:4,(anonymous_0)
FN:8,(anonymous_1)
FN:12,(anonymous_2)
FN:16,(anonymous_3)
FN:20,(anonymous_4)
FN:24,(anonymous_5)
FN:28,(anonymous_6)
FN:32,(anonymous_7)
FNF:8
FNH:8
FNDA:1,(anonymous_0)
FNDA:1,(anonymous_1)
FNDA:1,(anonymous_2)
FNDA:1,(anonymous_3)
FNDA:1,(anonymous_4)
FNDA:1,(anonymous_5)
FNDA:1,(anonymous_6)
FNDA:1,(anonymous_7)
DA:1,2
DA:5,1
DA:9,1
DA:13,1
DA:17,1
DA:21,1
DA:25,1
DA:29,1
DA:33,1
DA:37,2
LF:10
LH:10
BRF:0
BRH:0
end_of_record
TN:
SF:src/repositories/UserRepository.js
FN:5,(anonymous_0)
FN:9,(anonymous_1)
FN:13,(anonymous_2)
FN:17,(anonymous_3)
FN:21,(anonymous_4)
FN:25,(anonymous_5)
FN:29,(anonymous_6)
FN:33,(anonymous_7)
FNF:8
FNH:8
FNDA:1,(anonymous_0)
FNDA:1,(anonymous_1)
FNDA:1,(anonymous_2)
FNDA:1,(anonymous_3)
FNDA:1,(anonymous_4)
FNDA:1,(anonymous_5)
FNDA:1,(anonymous_6)
FNDA:1,(anonymous_7)
DA:1,1
DA:6,1
DA:10,1
DA:14,1
DA:18,1
DA:22,1
DA:26,1
DA:30,1
DA:34,1
DA:38,1
LF:10
LH:10
BRF:0
BRH:0
end_of_record
TN:
SF:src/services/ReplacementsService.js
FN:5,(anonymous_0)
FN:9,(anonymous_1)
FN:13,(anonymous_2)
FN:17,(anonymous_3)
FN:21,(anonymous_4)
FNF:5
FNH:5
FNDA:1,(anonymous_0)
FNDA:1,(anonymous_1)
FNDA:1,(anonymous_2)
FNDA:1,(anonymous_3)
FNDA:1,(anonymous_4)
DA:1,2
DA:6,1
DA:10,1
DA:14,1
DA:18,1
DA:22,1
DA:26,2
LF:7
LH:7
BRF:0
BRH:0
end_of_record
TN:
SF:src/services/SchedulesService.js
FN:5,(anonymous_0)
FN:24,(anonymous_1)
FN:28,(anonymous_2)
FN:32,(anonymous_3)
FN:36,(anonymous_4)
FN:40,(anonymous_5)
FN:44,(anonymous_6)
FN:48,(anonymous_7)
FNF:8
FNH:8
FNDA:3,(anonymous_0)
FNDA:1,(anonymous_1)
FNDA:1,(anonymous_2)
FNDA:1,(anonymous_3)
FNDA:1,(anonymous_4)
FNDA:1,(anonymous_5)
FNDA:1,(anonymous_6)
FNDA:1,(anonymous_7)
DA:1,2
DA:7,3
DA:9,3
DA:11,3
DA:12,1
DA:15,2
DA:17,2
DA:18,1
DA:21,1
DA:25,1
DA:29,1
DA:33,1
DA:37,1
DA:41,1
DA:45,1
DA:49,1
DA:53,2
LF:17
LH:17
BRDA:11,0,0,1
BRDA:11,0,1,2
BRDA:17,1,0,1
BRDA:17,1,1,1
BRF:4
BRH:4
end_of_record
TN:
SF:src/services/StudentsService.js
FN:5,(anonymous_0)
FN:22,(anonymous_1)
FN:56,(anonymous_2)
FN:73,(anonymous_3)
FN:77,(anonymous_4)
FN:81,(anonymous_5)
FN:85,(anonymous_6)
FN:89,(anonymous_7)
FNF:8
FNH:8
FNDA:3,(anonymous_0)
FNDA:4,(anonymous_1)
FNDA:2,(anonymous_2)
FNDA:1,(anonymous_3)
FNDA:1,(anonymous_4)
FNDA:1,(anonymous_5)
FNDA:1,(anonymous_6)
FNDA:1,(anonymous_7)
DA:1,2
DA:7,3
DA:9,3
DA:10,1
DA:13,2
DA:15,2
DA:16,1
DA:19,1
DA:24,4
DA:26,4
DA:28,4
DA:29,2
DA:32,2
DA:34,2
DA:36,2
DA:37,1
DA:40,1
DA:50,1
DA:52,1
DA:58,2
DA:60,2
DA:62,2
DA:64,2
DA:70,2
DA:74,1
DA:78,1
DA:82,1
DA:86,1
DA:90,1
DA:94,2
LF:30
LH:30
BRDA:9,0,0,1
BRDA:9,0,1,2
BRDA:15,1,0,1
BRDA:15,1,1,1
BRDA:28,2,0,2
BRDA:28,2,1,2
BRDA:28,3,0,4
BRDA:28,3,1,3
BRDA:36,4,0,1
BRDA:36,4,1,1
BRF:10
BRH:10
end_of_record
TN:
SF:src/services/UserService.js
FN:7,(anonymous_0)
FN:24,(anonymous_1)
FN:42,(anonymous_2)
FN:50,(anonymous_3)
FN:54,(anonymous_4)
FN:58,(anonymous_5)
FN:62,(anonymous_6)
FNF:7
FNH:7
FNDA:3,(anonymous_0)
FNDA:2,(anonymous_1)
FNDA:2,(anonymous_2)
FNDA:1,(anonymous_3)
FNDA:1,(anonymous_4)
FNDA:1,(anonymous_5)
FNDA:1,(anonymous_6)
DA:1,1
DA:2,1
DA:8,3
DA:10,3
DA:11,1
DA:14,2
DA:16,2
DA:17,1
DA:20,1
DA:21,1
DA:26,2
DA:28,2
DA:29,1
DA:32,1
DA:34,1
DA:36,1
DA:38,1
DA:43,2
DA:44,1
DA:47,2
DA:51,1
DA:55,1
DA:59,1
DA:63,1
DA:67,1
LF:25
LH:25
BRDA:10,0,0,1
BRDA:10,0,1,2
BRDA:16,1,0,1
BRDA:16,1,1,1
BRDA:28,2,0,1
BRDA:28,2,1,1
BRDA:43,3,0,1
BRDA:43,3,1,1
BRF:8
BRH:8
end_of_record
