TN:
SF:knexfile.js
FNF:0
FNH:0
DA:2,1
DA:7,1
LF:2
LH:2
BRDA:13,0,0,1
BRDA:13,0,1,1
BRDA:14,1,0,1
BRDA:14,1,1,1
BRF:4
BRH:4
end_of_record
TN:
SF:src/knex.js
FNF:0
FNH:0
DA:1,1
DA:2,1
DA:3,1
DA:5,1
DA:7,1
LF:5
LH:5
BRDA:3,0,0,1
BRDA:3,0,1,0
BRF:2
BRH:1
end_of_record
TN:
SF:src/controllers/studentsController.js
FN:3,getAll
FN:15,getId
FN:37,postStudent
FN:61,putStudent
FN:91,deleteStudent
FNF:5
FNH:5
FNDA:2,getAll
FNDA:4,getId
FNDA:3,postStudent
FNDA:6,putStudent
FNDA:2,deleteStudent
DA:1,1
DA:4,2
DA:5,2
DA:7,1
DA:10,1
DA:11,1
DA:16,4
DA:17,4
DA:19,4
DA:20,1
DA:23,3
DA:25,2
DA:26,1
DA:29,1
DA:32,1
DA:33,1
DA:38,3
DA:39,3
DA:41,3
DA:43,3
DA:45,3
DA:51,3
DA:53,2
DA:56,1
DA:57,1
DA:62,6
DA:63,6
DA:64,6
DA:66,6
DA:67,1
DA:70,5
DA:72,5
DA:74,5
DA:75,1
DA:78,4
DA:79,4
DA:81,4
DA:83,3
DA:86,1
DA:87,1
DA:92,2
DA:93,2
DA:95,2
DA:97,1
DA:100,1
DA:101,1
DA:105,1
LF:47
LH:47
BRDA:19,0,0,1
BRDA:19,0,1,3
BRDA:25,1,0,1
BRDA:25,1,1,1
BRDA:66,2,0,1
BRDA:66,2,1,5
BRDA:74,3,0,1
BRDA:74,3,1,4
BRDA:78,4,0,3
BRDA:78,4,1,1
BRDA:79,5,0,2
BRDA:79,5,1,2
BRF:12
BRH:12
end_of_record
TN:
SF:src/controllers/userController.js
FN:7,loginUser
FN:37,getId
FN:55,getAll
FN:68,postUser
FN:84,putUser
FNF:5
FNH:1
FNDA:4,loginUser
FNDA:0,getId
FNDA:0,getAll
FNDA:0,postUser
FNDA:0,putUser
DA:1,1
DA:2,1
DA:3,1
DA:5,1
DA:8,4
DA:9,4
DA:11,4
DA:12,1
DA:15,3
DA:16,1
DA:20,1
DA:26,1
DA:29,2
DA:30,1
DA:33,1
DA:38,0
DA:39,0
DA:41,0
DA:43,0
DA:44,0
DA:47,0
DA:50,0
DA:51,0
DA:56,0
DA:58,0
DA:60,0
DA:63,0
DA:64,0
DA:69,0
DA:70,0
DA:72,0
DA:74,0
DA:76,0
DA:79,0
DA:80,0
DA:86,0
DA:88,0
DA:89,0
DA:91,0
DA:92,0
DA:95,0
DA:97,0
DA:98,0
DA:99,0
DA:100,0
DA:102,0
DA:103,0
DA:106,0
DA:108,0
DA:111,0
DA:112,0
DA:117,1
LF:52
LH:16
BRDA:11,0,0,1
BRDA:11,0,1,3
BRDA:11,1,0,4
BRDA:11,1,1,3
BRDA:29,2,0,1
BRDA:29,2,1,1
BRDA:43,3,0,0
BRDA:43,3,1,0
BRDA:91,4,0,0
BRDA:91,4,1,0
BRDA:97,5,0,0
BRDA:97,5,1,0
BRDA:98,6,0,0
BRDA:98,6,1,0
BRDA:99,7,0,0
BRDA:99,7,1,0
BRDA:100,8,0,0
BRDA:100,8,1,0
BRDA:102,9,0,0
BRDA:102,9,1,0
BRF:20
BRH:6
end_of_record
TN:
SF:src/models/StudentsModel.js
FN:5,(anonymous_0)
FN:11,(anonymous_1)
FN:16,(anonymous_2)
FN:24,(anonymous_3)
FN:32,(anonymous_4)
FN:38,(anonymous_5)
FN:44,(anonymous_6)
FN:50,(anonymous_7)
FNF:8
FNH:0
FNDA:0,(anonymous_0)
FNDA:0,(anonymous_1)
FNDA:0,(anonymous_2)
FNDA:0,(anonymous_3)
FNDA:0,(anonymous_4)
FNDA:0,(anonymous_5)
FNDA:0,(anonymous_6)
FNDA:0,(anonymous_7)
DA:1,1
DA:2,1
DA:6,0
DA:12,0
DA:18,0
DA:21,0
DA:25,0
DA:29,0
DA:33,0
DA:39,0
DA:45,0
DA:51,0
DA:57,1
LF:13
LH:3
BRF:0
BRH:0
end_of_record
TN:
SF:src/repositories/StudentsRepository.js
FN:4,(anonymous_0)
FN:8,(anonymous_1)
FN:12,(anonymous_2)
FN:16,(anonymous_3)
FN:20,(anonymous_4)
FN:24,(anonymous_5)
FN:28,(anonymous_6)
FN:32,(anonymous_7)
FNF:8
FNH:0
FNDA:0,(anonymous_0)
FNDA:0,(anonymous_1)
FNDA:0,(anonymous_2)
FNDA:0,(anonymous_3)
FNDA:0,(anonymous_4)
FNDA:0,(anonymous_5)
FNDA:0,(anonymous_6)
FNDA:0,(anonymous_7)
DA:1,1
DA:5,0
DA:9,0
DA:13,0
DA:17,0
DA:21,0
DA:25,0
DA:29,0
DA:33,0
DA:37,1
LF:10
LH:2
BRF:0
BRH:0
end_of_record
TN:
SF:src/services/StudentsService.js
FN:5,(anonymous_0)
FN:22,(anonymous_1)
FN:56,(anonymous_2)
FN:73,(anonymous_3)
FN:77,(anonymous_4)
FN:81,(anonymous_5)
FN:85,(anonymous_6)
FN:89,(anonymous_7)
FNF:8
FNH:0
FNDA:0,(anonymous_0)
FNDA:0,(anonymous_1)
FNDA:0,(anonymous_2)
FNDA:0,(anonymous_3)
FNDA:0,(anonymous_4)
FNDA:0,(anonymous_5)
FNDA:0,(anonymous_6)
FNDA:0,(anonymous_7)
DA:1,1
DA:7,0
DA:9,0
DA:10,0
DA:13,0
DA:15,0
DA:16,0
DA:19,0
DA:24,0
DA:26,0
DA:28,0
DA:29,0
DA:32,0
DA:34,0
DA:36,0
DA:37,0
DA:40,0
DA:50,0
DA:52,0
DA:58,0
DA:60,0
DA:62,0
DA:64,0
DA:70,0
DA:74,0
DA:78,0
DA:82,0
DA:86,0
DA:90,0
DA:94,1
LF:30
LH:2
BRDA:9,0,0,0
BRDA:9,0,1,0
BRDA:15,1,0,0
BRDA:15,1,1,0
BRDA:28,2,0,0
BRDA:28,2,1,0
BRDA:28,3,0,0
BRDA:28,3,1,0
BRDA:36,4,0,0
BRDA:36,4,1,0
BRF:10
BRH:0
end_of_record
